#
# There is insufficient memory for the Java Runtime Environment to continue.
# Native memory allocation (malloc) failed to allocate 32744 bytes for ChunkPool::allocate
# Possible reasons:
#   The system is out of physical RAM or swap space
#   The process is running with CompressedOops enabled, and the Java Heap may be blocking the growth of the native heap
# Possible solutions:
#   Reduce memory load on the system
#   Increase physical memory or swap space
#   Check if swap backing store is full
#   Decrease Java heap size (-Xmx/-Xms)
#   Decrease number of Java threads
#   Decrease Java thread stack sizes (-Xss)
#   Set larger code cache with -XX:ReservedCodeCacheSize=
#   JVM is running with Zero Based Compressed Oops mode in which the Java heap is
#     placed in the first 32GB address space. The Java Heap base address is the
#     maximum limit for the native heap growth. Please use -XX:HeapBaseMinAddress
#     to set the Java Heap base and to place the Java Heap above 32GB virtual address.
# This output file may be truncated or incomplete.
#
#  Out of Memory Error (allocation.cpp:273), pid=13772, tid=0x0000000000003520
#
# JRE version: Java(TM) SE Runtime Environment (8.0_201-b09) (build 1.8.0_201-b09)
# Java VM: Java HotSpot(TM) 64-Bit Server VM (25.201-b09 mixed mode windows-amd64 compressed oops)
# Failed to write core dump. Minidumps are not enabled by default on client versions of Windows
#

---------------  T H R E A D  ---------------

Current thread (0x000000001bf4c000):  JavaThread "C1 CompilerThread2" daemon [_thread_in_native, id=13600, stack(0x000000001d750000,0x000000001d850000)]

Stack: [0x000000001d750000,0x000000001d850000]
[error occurred during error reporting (printing stack bounds), id 0xc0000005]

Native frames: (J=compiled Java code, j=interpreted, Vv=VM code, C=native code)


Current CompileTask:
C1:   3304   87   !   3      
[error occurred during error reporting (printing current compile task), id 0xe0000001]


---------------  P R O C E S S  ---------------

Java Threads: ( => current thread )
  0x000000001d857800 JavaThread "Service Thread" daemon [_thread_blocked, id=25112, stack(0x000000001dc50000,0x000000001dd50000)]
=>0x000000001bf4c000 JavaThread "C1 CompilerThread2" daemon [_thread_in_native, id=13600, stack(0x000000001d750000,0x000000001d850000)]
  0x000000001bf49800 JavaThread "C2 CompilerThread1" daemon [_thread_blocked, id=13764, stack(0x000000001d650000,0x000000001d750000)]
  0x000000001bef4800 JavaThread "C2 CompilerThread0" daemon [_thread_blocked, id=17720, stack(0x000000001d550000,0x000000001d650000)]
  0x000000001bef3000 JavaThread "Attach Listener" daemon [_thread_blocked, id=21396, stack(0x000000001d450000,0x000000001d550000)]
  0x000000001bef2000 JavaThread "Signal Dispatcher" daemon [_thread_blocked, id=20920, stack(0x000000001d350000,0x000000001d450000)]
  0x00000000028db800 JavaThread "Finalizer" daemon [_thread_blocked, id=22440, stack(0x000000001d150000,0x000000001d250000)]
  0x00000000028d2000 JavaThread "Reference Handler" daemon [_thread_blocked, id=26452, stack(0x000000001d050000,0x000000001d150000)]
  0x00000000027e2800 JavaThread "main" [_thread_in_vm, id=26252, stack(0x00000000025e0000,0x00000000026e0000)]

Other Threads:
  0x000000001beb7000 VMThread [stack: 0x000000001cf50000,0x000000001d050000] [id=24352]
  0x000000001d861800 WatcherThread [stack: 0x000000001dd50000,0x000000001de50000] [id=16096]

VM state:not at safepoint (normal execution)

VM Mutex/Monitor currently owned by a thread: None

heap address: 0x00000006c1400000, size: 4076 MB, Compressed Oops mode: Zero based, Oop shift amount: 3
Narrow klass base: 0x0000000000000000, Narrow klass shift: 3
Compressed class space size: 1073741824 Address: 0x00000007c0000000

Heap:
 PSYoungGen      total 76288K, used 2621K [0x000000076b180000, 0x0000000770680000, 0x00000007c0000000)
  eden space 65536K, 4% used [0x000000076b180000,0x000000076b40f5e8,0x000000076f180000)
  from space 10752K, 0% used [0x000000076fc00000,0x000000076fc00000,0x0000000770680000)
  to   space 10752K, 0% used [0x000000076f180000,0x000000076f180000,0x000000076fc00000)
 ParOldGen       total 175104K, used 0K [0x00000006c1400000, 0x00000006cbf00000, 0x000000076b180000)
  object space 175104K, 0% used [0x00000006c1400000,0x00000006c1400000,0x00000006cbf00000)
 Metaspace       used 3400K, capacity 4638K, committed 4864K, reserved 1056768K
  class space    used 369K, capacity 443K, committed 512K, reserved 1048576K

Card table byte_map: [0x0000000011ca0000,0x00000000124a0000] byte_map_base: 0x000000000e696000

Marking Bits: (ParMarkBitMap*) 0x000000005c314ce0
 Begin Bits: [0x0000000012df0000, 0x0000000016da0000)
 End Bits:   [0x0000000016da0000, 0x000000001ad50000)

Polling page: 0x0000000000990000

CodeCache: size=245760Kb used=1187Kb max_used=1187Kb free=244572Kb
 bounds [0x00000000028e0000, 0x0000000002b50000, 0x00000000118e0000]
 total_blobs=338 nmethods=86 adapters=165
 compilation: enabled

Compilation events (10 events):
Event: 3.297 Thread 0x000000001bf4c000 nmethod 82 0x0000000002a07b10 code [0x0000000002a07c60, 0x0000000002a07d50]
Event: 3.297 Thread 0x000000001bf4c000   83       3       java.util.Objects::requireNonNull (14 bytes)
Event: 3.298 Thread 0x000000001bf4c000 nmethod 83 0x0000000002a07dd0 code [0x0000000002a07f40, 0x0000000002a08168]
Event: 3.298 Thread 0x000000001bf4c000   84   !   3       java.lang.ref.ReferenceQueue::poll (28 bytes)
Event: 3.298 Thread 0x000000001bf4c000 nmethod 84 0x0000000002a08250 code [0x0000000002a083c0, 0x0000000002a08748]
Event: 3.298 Thread 0x000000001bf4c000   85       3       java.lang.String::lastIndexOf (13 bytes)
Event: 3.298 Thread 0x000000001bf4c000 nmethod 85 0x0000000002a08850 code [0x0000000002a089c0, 0x0000000002a08be8]
Event: 3.299 Thread 0x000000001bf4c000   86       1       java.util.ArrayList::access$000 (5 bytes)
Event: 3.299 Thread 0x000000001bf4c000 nmethod 86 0x0000000002a08c90 code [0x0000000002a08de0, 0x0000000002a08ed0]
Event: 3.299 Thread 0x000000001bf4c000   87   !   3       java.util.concurrent.ConcurrentHashMap::putVal (362 bytes)

GC Heap History (0 events):
No events

Deoptimization events (0 events):
No events

Classes redefined (0 events):
No events

Internal exceptions (2 events):
Event: 0.742 Thread 0x00000000027e2800 Exception <a 'java/lang/NoSuchMethodError': Method sun.misc.Unsafe.defineClass(Ljava/lang/String;[BII)Ljava/lang/Class; name or signature does not match> (0x000000076b187cb0) thrown at [C:\re\workspace\8-2-build-windows-amd64-cygwin\jdk8u201\12322\hotspot
Event: 0.742 Thread 0x00000000027e2800 Exception <a 'java/lang/NoSuchMethodError': Method sun.misc.Unsafe.prefetchRead(Ljava/lang/Object;J)V name or signature does not match> (0x000000076b187f98) thrown at [C:\re\workspace\8-2-build-windows-amd64-cygwin\jdk8u201\12322\hotspot\src\share\vm\prim

Events (10 events):
Event: 3.296 loading class java/util/RandomAccessSubList
Event: 3.296 loading class java/util/SubList
Event: 3.296 loading class java/util/SubList done
Event: 3.296 loading class java/util/RandomAccessSubList done
Event: 3.296 loading class java/util/SubList$1
Event: 3.296 loading class java/util/ListIterator
Event: 3.296 loading class java/util/ListIterator done
Event: 3.296 loading class java/util/SubList$1 done
Event: 3.296 loading class java/util/AbstractList$ListItr
Event: 3.296 loading class java/util/AbstractList$ListItr done


Dynamic libraries:
0x00007ff6f5870000 - 0x00007ff6f58a7000 	C:\Program Files\Java\jdk1.8.0_201\bin\java.exe
0x00007fff25960000 - 0x00007fff25b4d000 	C:\Windows\SYSTEM32\ntdll.dll
0x00007fff244b0000 - 0x00007fff24563000 	C:\Windows\System32\KERNEL32.DLL
0x00007fff21fd0000 - 0x00007fff22263000 	C:\Windows\System32\KERNELBASE.dll
0x00007fff245b0000 - 0x00007fff24653000 	C:\Windows\System32\ADVAPI32.dll
0x00007fff24de0000 - 0x00007fff24e7e000 	C:\Windows\System32\msvcrt.dll
0x00007fff24c70000 - 0x00007fff24d0e000 	C:\Windows\System32\sechost.dll
0x00007fff24360000 - 0x00007fff24482000 	C:\Windows\System32\RPCRT4.dll
0x00007fff253c0000 - 0x00007fff25557000 	C:\Windows\System32\USER32.dll
0x00007fff21fb0000 - 0x00007fff21fd0000 	C:\Windows\System32\win32u.dll
0x00007fff24570000 - 0x00007fff24599000 	C:\Windows\System32\GDI32.dll
0x00007fff21d10000 - 0x00007fff21ea9000 	C:\Windows\System32\gdi32full.dll
0x00007fff22a40000 - 0x00007fff22ae0000 	C:\Windows\System32\msvcp_win.dll
0x00007fff21eb0000 - 0x00007fff21faa000 	C:\Windows\System32\ucrtbase.dll
0x00007fff0df20000 - 0x00007fff0e199000 	C:\Windows\WinSxS\amd64_microsoft.windows.common-controls_6595b64144ccf1df_6.0.17763.678_none_05b74150071d72bf\COMCTL32.dll
0x00007fff24fe0000 - 0x00007fff2530c000 	C:\Windows\System32\combase.dll
0x00007fff21c10000 - 0x00007fff21c8e000 	C:\Windows\System32\bcryptPrimitives.dll
0x00007fff22d80000 - 0x00007fff22dae000 	C:\Windows\System32\IMM32.DLL
0x000000005c7f0000 - 0x000000005c8c1000 	C:\Program Files\Java\jdk1.8.0_201\jre\bin\msvcr100.dll
0x000000005baf0000 - 0x000000005c394000 	C:\Program Files\Java\jdk1.8.0_201\jre\bin\server\jvm.dll
0x00007fff245a0000 - 0x00007fff245a8000 	C:\Windows\System32\PSAPI.DLL
0x00007fff0d7d0000 - 0x00007fff0d7d9000 	C:\Windows\SYSTEM32\WSOCK32.dll
0x00007fff24660000 - 0x00007fff246cd000 	C:\Windows\System32\WS2_32.dll
0x00007fff1f5c0000 - 0x00007fff1f5e4000 	C:\Windows\SYSTEM32\WINMM.dll
0x00007fff15930000 - 0x00007fff1593a000 	C:\Windows\SYSTEM32\VERSION.dll
0x00007fff1f4a0000 - 0x00007fff1f4cd000 	C:\Windows\SYSTEM32\WINMMBASE.dll
0x00007fff229c0000 - 0x00007fff22a0a000 	C:\Windows\System32\cfgmgr32.dll
0x00007fff12db0000 - 0x00007fff12dbf000 	C:\Program Files\Java\jdk1.8.0_201\jre\bin\verify.dll
0x00007fff00b70000 - 0x00007fff00b99000 	C:\Program Files\Java\jdk1.8.0_201\jre\bin\java.dll
0x00007fff03c40000 - 0x00007fff03c56000 	C:\Program Files\Java\jdk1.8.0_201\jre\bin\zip.dll
0x00007fff22e10000 - 0x00007fff24300000 	C:\Windows\System32\SHELL32.dll
0x00007fff25310000 - 0x00007fff253b8000 	C:\Windows\System32\shcore.dll
0x00007fff22270000 - 0x00007fff229ba000 	C:\Windows\System32\windows.storage.dll
0x00007fff21a00000 - 0x00007fff21a24000 	C:\Windows\System32\profapi.dll
0x00007fff219a0000 - 0x00007fff219fd000 	C:\Windows\System32\powrprof.dll
0x00007fff258d0000 - 0x00007fff25922000 	C:\Windows\System32\shlwapi.dll
0x00007fff21980000 - 0x00007fff21991000 	C:\Windows\System32\kernel.appcore.dll
0x00007fff21cf0000 - 0x00007fff21d07000 	C:\Windows\System32\cryptsp.dll

VM Arguments:
java_command: C:\react-project\app\backend\node_modules\node-key-sender\jar\key-sender.jar up
java_class_path (initial): C:\react-project\app\backend\node_modules\node-key-sender\jar\key-sender.jar
Launcher Type: SUN_STANDARD

Environment Variables:
JAVA_HOME=C:\Program Files\Java\jdk1.8.0_201
JRE_HOME=C:\Program Files\Java\jre1.8.0_181
PATH=C:\Program Files (x86)\NVIDIA Corporation\PhysX\Common;C:\Windows\system32;C:\Windows;C:\Windows\System32\Wbem;C:\Windows\System32\WindowsPowerShell\v1.0\;C:\Windows\System32\OpenSSH\;C:\Program Files (x86)\Microsoft SQL Server\110\Tools\Binn\;C:\Program Files\Microsoft SQL Server\110\Tools\Binn\;C:\Program Files\Microsoft SQL Server\110\DTS\Binn\;C:\Program Files (x86)\Microsoft SQL Server\110\Tools\Binn\ManagementStudio\;C:\Program Files (x86)\Microsoft SQL Server\110\DTS\Binn\;C:\Program Files\dotnet\;C:\Program Files\Microsoft SQL Server\130\Tools\Binn\;C:\Program Files\Microsoft SQL Server\Client SDK\ODBC\170\Tools\Binn\;C:\Program Files\nodejs\;C:\Program Files\Git\cmd;C:\Users\Zahra Ghaderi\AppData\Local\Microsoft\WindowsApps;D:\Microsoft VS Code\bin;C:\Users\Zahra Ghaderi\AppData\Local\Android\android-sdk;C:\Program Files\Java\jdk1.8.0_201\bin;C:\Users\Zahra Ghaderi\AppData\Local\watchman;C:\Program Files\Java\jre1.8.0_181\bin;C:\Users\Zahra Ghaderi\AppData\Roaming\npm;C:\Users\Zahra Ghaderi\AppData\Local\GitHubDesktop\bin;
USERNAME=Zahra Ghaderi
OS=Windows_NT
PROCESSOR_IDENTIFIER=Intel64 Family 6 Model 61 Stepping 4, GenuineIntel



---------------  S Y S T E M  ---------------

OS: Windows 10.0 , 64 bit Build 17763 (10.0.17763.475)

CPU:total 4 (initial active 4) (2 cores per cpu, 2 threads per core) family 6 model 61 stepping 4, cmov, cx8, fxsr, mmx, sse, sse2, sse3, ssse3, sse4.1, sse4.2, popcnt, avx, avx2, aes, clmul, erms, 3dnowpref, lzcnt, ht, tsc, tscinvbit, bmi1, bmi2, adx

Memory: 4k page, physical 16688992k(3154752k free), swap 48688988k(3676k free)

vm_info: Java HotSpot(TM) 64-Bit Server VM (25.201-b09) for windows-amd64 JRE (1.8.0_201-b09), built on Dec 15 2018 18:36:39 by "java_re" with MS VC++ 10.0 (VS2010)

time: Sun Aug 18 02:55:04 2019
timezone: Pacific Daylight Time
elapsed time: 3 seconds (0d 0h 0m 3s)

