#
# A fatal error has been detected by the Java Runtime Environment:
#
#  Internal Error (os_windows.cpp:3962), pid=19800, tid=0x00000000000058bc
#  guarantee(return_page != NULL) failed: Commit Failed for memory serialize page
#
# JRE version:  (8.0_201-b09) (build )
# Java VM: Java HotSpot(TM) 64-Bit Server VM (25.201-b09 mixed mode windows-amd64 compressed oops)
# Failed to write core dump. Minidumps are not enabled by default on client versions of Windows
#
# If you would like to submit a bug report, please visit:
#   http://bugreport.java.com/bugreport/crash.jsp
#

---------------  T H R E A D  ---------------

Current thread is native thread

Stack: [0x0000000002c60000,0x0000000002d60000]
Native frames: (J=compiled Java code, j=interpreted, Vv=VM code, C=native code)


---------------  P R O C E S S  ---------------

VM state:not at safepoint (not fully initialized)

VM Mutex/Monitor currently owned by a thread: None


[error occurred during error reporting (printing compressed oops mode, id 0xc0000005]


Dynamic libraries:
0x00007ff6f5870000 - 0x00007ff6f58a7000 	C:\Program Files\Java\jdk1.8.0_201\bin\java.exe
0x00007fff25960000 - 0x00007fff25b4d000 	C:\Windows\SYSTEM32\ntdll.dll
0x00007fff244b0000 - 0x00007fff24563000 	C:\Windows\System32\KERNEL32.DLL
0x00007fff21fd0000 - 0x00007fff22263000 	C:\Windows\System32\KERNELBASE.dll
0x00007fff245b0000 - 0x00007fff24653000 	C:\Windows\System32\ADVAPI32.dll
0x00007fff24de0000 - 0x00007fff24e7e000 	C:\Windows\System32\msvcrt.dll
0x00007fff24c70000 - 0x00007fff24d0e000 	C:\Windows\System32\sechost.dll
0x00007fff24360000 - 0x00007fff24482000 	C:\Windows\System32\RPCRT4.dll
0x00007fff253c0000 - 0x00007fff25557000 	C:\Windows\System32\USER32.dll
0x00007fff21fb0000 - 0x00007fff21fd0000 	C:\Windows\System32\win32u.dll
0x00007fff24570000 - 0x00007fff24599000 	C:\Windows\System32\GDI32.dll
0x00007fff21d10000 - 0x00007fff21ea9000 	C:\Windows\System32\gdi32full.dll
0x00007fff22a40000 - 0x00007fff22ae0000 	C:\Windows\System32\msvcp_win.dll
0x00007fff21eb0000 - 0x00007fff21faa000 	C:\Windows\System32\ucrtbase.dll
0x00007fff0df20000 - 0x00007fff0e199000 	C:\Windows\WinSxS\amd64_microsoft.windows.common-controls_6595b64144ccf1df_6.0.17763.678_none_05b74150071d72bf\COMCTL32.dll
0x00007fff24fe0000 - 0x00007fff2530c000 	C:\Windows\System32\combase.dll
0x00007fff21c10000 - 0x00007fff21c8e000 	C:\Windows\System32\bcryptPrimitives.dll
0x00007fff22d80000 - 0x00007fff22dae000 	C:\Windows\System32\IMM32.DLL
0x000000005c7f0000 - 0x000000005c8c1000 	C:\Program Files\Java\jdk1.8.0_201\jre\bin\msvcr100.dll
0x000000005baf0000 - 0x000000005c394000 	C:\Program Files\Java\jdk1.8.0_201\jre\bin\server\jvm.dll
0x00007fff245a0000 - 0x00007fff245a8000 	C:\Windows\System32\PSAPI.DLL
0x00007fff0d7d0000 - 0x00007fff0d7d9000 	C:\Windows\SYSTEM32\WSOCK32.dll
0x00007fff24660000 - 0x00007fff246cd000 	C:\Windows\System32\WS2_32.dll
0x00007fff1f5c0000 - 0x00007fff1f5e4000 	C:\Windows\SYSTEM32\WINMM.dll
0x00007fff15930000 - 0x00007fff1593a000 	C:\Windows\SYSTEM32\VERSION.dll
0x00007fff1f4a0000 - 0x00007fff1f4cd000 	C:\Windows\SYSTEM32\WINMMBASE.dll
0x00007fff229c0000 - 0x00007fff22a0a000 	C:\Windows\System32\cfgmgr32.dll
0x00007fff12db0000 - 0x00007fff12dbf000 	C:\Program Files\Java\jdk1.8.0_201\jre\bin\verify.dll
0x00007fff00b70000 - 0x00007fff00b99000 	C:\Program Files\Java\jdk1.8.0_201\jre\bin\java.dll

VM Arguments:
java_command: C:\react-project\app\backend\node_modules\node-key-sender\jar\key-sender.jar s
java_class_path (initial): C:\react-project\app\backend\node_modules\node-key-sender\jar\key-sender.jar
Launcher Type: SUN_STANDARD

Environment Variables:
JAVA_HOME=C:\Program Files\Java\jdk1.8.0_201
JRE_HOME=C:\Program Files\Java\jre1.8.0_181
PATH=C:\Program Files (x86)\NVIDIA Corporation\PhysX\Common;C:\Windows\system32;C:\Windows;C:\Windows\System32\Wbem;C:\Windows\System32\WindowsPowerShell\v1.0\;C:\Windows\System32\OpenSSH\;C:\Program Files (x86)\Microsoft SQL Server\110\Tools\Binn\;C:\Program Files\Microsoft SQL Server\110\Tools\Binn\;C:\Program Files\Microsoft SQL Server\110\DTS\Binn\;C:\Program Files (x86)\Microsoft SQL Server\110\Tools\Binn\ManagementStudio\;C:\Program Files (x86)\Microsoft SQL Server\110\DTS\Binn\;C:\Program Files\dotnet\;C:\Program Files\Microsoft SQL Server\130\Tools\Binn\;C:\Program Files\Microsoft SQL Server\Client SDK\ODBC\170\Tools\Binn\;C:\Program Files\nodejs\;C:\Program Files\Git\cmd;C:\Users\Zahra Ghaderi\AppData\Local\Microsoft\WindowsApps;D:\Microsoft VS Code\bin;C:\Users\Zahra Ghaderi\AppData\Local\Android\android-sdk;C:\Program Files\Java\jdk1.8.0_201\bin;C:\Users\Zahra Ghaderi\AppData\Local\watchman;C:\Program Files\Java\jre1.8.0_181\bin;C:\Users\Zahra Ghaderi\AppData\Roaming\npm;C:\Users\Zahra Ghaderi\AppData\Local\GitHubDesktop\bin;
USERNAME=Zahra Ghaderi
OS=Windows_NT
PROCESSOR_IDENTIFIER=Intel64 Family 6 Model 61 Stepping 4, GenuineIntel



---------------  S Y S T E M  ---------------

OS: Windows 10.0 , 64 bit Build 17763 (10.0.17763.475)

CPU:total 4 (initial active 4) 

Memory: 4k page, physical 16688992k(2455836k free), swap 48688988k(4116k free)

vm_info: Java HotSpot(TM) 64-Bit Server VM (25.201-b09) for windows-amd64 JRE (1.8.0_201-b09), built on Dec 15 2018 18:36:39 by "java_re" with MS VC++ 10.0 (VS2010)

time: Sun Aug 18 02:54:00 2019
timezone: Pacific Daylight Time
elapsed time: 0 seconds (0d 0h 0m 0s)

