#
# There is insufficient memory for the Java Runtime Environment to continue.
# Native memory allocation (malloc) failed to allocate 1792 bytes for AllocateHeap
# Possible reasons:
#   The system is out of physical RAM or swap space
#   The process is running with CompressedOops enabled, and the Java Heap may be blocking the growth of the native heap
# Possible solutions:
#   Reduce memory load on the system
#   Increase physical memory or swap space
#   Check if swap backing store is full
#   Decrease Java heap size (-Xmx/-Xms)
#   Decrease number of Java threads
#   Decrease Java thread stack sizes (-Xss)
#   Set larger code cache with -XX:ReservedCodeCacheSize=
#   JVM is running with Zero Based Compressed Oops mode in which the Java heap is
#     placed in the first 32GB address space. The Java Heap base address is the
#     maximum limit for the native heap growth. Please use -XX:HeapBaseMinAddress
#     to set the Java Heap base and to place the Java Heap above 32GB virtual address.
# This output file may be truncated or incomplete.
#
#  Out of Memory Error (memory/allocation.inline.hpp:61), pid=18236, tid=0x0000000000003fb4
#
# JRE version: Java(TM) SE Runtime Environment (8.0_201-b09) (build 1.8.0_201-b09)
# Java VM: Java HotSpot(TM) 64-Bit Server VM (25.201-b09 mixed mode windows-amd64 compressed oops)
# Failed to write core dump. Minidumps are not enabled by default on client versions of Windows
#

---------------  T H R E A D  ---------------

Current thread (0x0000000002658800):  GCTaskThread [stack: 0x0000000012950000,0x0000000012a50000] [id=16308]

Stack: [0x0000000012950000,0x0000000012a50000]
[error occurred during error reporting (printing stack bounds), id 0xc0000005]

Native frames: (J=compiled Java code, j=interpreted, Vv=VM code, C=native code)

JavaThread 0x000000001da04000 (nid = 3444) was being processed
Java frames: (J=compiled Java code, j=interpreted, Vv=VM code)
j  java.lang.Object.wait(J)V+0
j  java.lang.ref.ReferenceQueue.remove(J)Ljava/lang/ref/Reference;+59
j  java.lang.ref.ReferenceQueue.remove()Ljava/lang/ref/Reference;+2
j  sun.java2d.Disposer.run()V+3
j  java.lang.Thread.run()V+11
v  ~StubRoutines::call_stub

---------------  P R O C E S S  ---------------

Java Threads: ( => current thread )
  0x000000001da08800 JavaThread "AWT-Windows" daemon [_thread_in_native, id=23364, stack(0x000000001dfe0000,0x000000001e0e0000)]
  0x000000001da04800 JavaThread "AWT-Shutdown" [_thread_blocked, id=7500, stack(0x000000001dee0000,0x000000001dfe0000)]
  0x000000001da04000 JavaThread "Java2D Disposer" daemon [_thread_blocked, id=3444, stack(0x000000001dde0000,0x000000001dee0000)]
  0x000000001d6a0800 JavaThread "Service Thread" daemon [_thread_blocked, id=2660, stack(0x000000001daa0000,0x000000001dba0000)]
  0x000000001bdac000 JavaThread "C1 CompilerThread2" daemon [_thread_blocked, id=12792, stack(0x000000001d5a0000,0x000000001d6a0000)]
  0x000000001bda9800 JavaThread "C2 CompilerThread1" daemon [_thread_blocked, id=23460, stack(0x000000001d4a0000,0x000000001d5a0000)]
  0x000000001bd54800 JavaThread "C2 CompilerThread0" daemon [_thread_blocked, id=25536, stack(0x000000001d3a0000,0x000000001d4a0000)]
  0x000000001bd53000 JavaThread "Attach Listener" daemon [_thread_blocked, id=11928, stack(0x000000001d2a0000,0x000000001d3a0000)]
  0x000000000273e000 JavaThread "Signal Dispatcher" daemon [_thread_blocked, id=7308, stack(0x000000001d1a0000,0x000000001d2a0000)]
  0x0000000002735800 JavaThread "Finalizer" daemon [_thread_blocked, id=9460, stack(0x000000001cfa0000,0x000000001d0a0000)]
  0x0000000002732000 JavaThread "Reference Handler" daemon [_thread_blocked, id=16980, stack(0x000000001cea0000,0x000000001cfa0000)]
  0x0000000002642800 JavaThread "main" [_thread_blocked, id=23856, stack(0x0000000002540000,0x0000000002640000)]

Other Threads:
  0x000000001bd17000 VMThread [stack: 0x000000001cda0000,0x000000001cea0000] [id=22028]
  0x000000001d6a9000 WatcherThread [stack: 0x000000001dba0000,0x000000001dca0000] [id=19772]

=>0x0000000002658800 (exited) GCTaskThread [stack: 0x0000000012950000,0x0000000012a50000] [id=16308]

VM state:at safepoint (normal execution)

VM Mutex/Monitor currently owned by a thread:  ([mutex/lock_event])
[0x0000000002538e20] OopMapCacheAlloc_lock - owner thread: 0x0000000002658800
[0x000000000253d6e0] Threads_lock - owner thread: 0x000000001bd17000
[0x000000000253d060] Heap_lock - owner thread: 0x0000000002642800

heap address: 0x00000006c1400000, size: 4076 MB, Compressed Oops mode: Zero based, Oop shift amount: 3
Narrow klass base: 0x0000000000000000, Narrow klass shift: 3
Compressed class space size: 1073741824 Address: 0x00000007c0000000

Heap:
 PSYoungGen      total 76288K, used 5242K [0x000000076b180000, 0x0000000770680000, 0x00000007c0000000)
  eden space 65536K, 8% used [0x000000076b180000,0x000000076b69ebc8,0x000000076f180000)
  from space 10752K, 0% used [0x000000076fc00000,0x000000076fc00000,0x0000000770680000)
  to   space 10752K, 1% used [0x000000076f180000,0x000000076f1a0000,0x000000076fc00000)
 ParOldGen       total 175104K, used 0K [0x00000006c1400000, 0x00000006cbf00000, 0x000000076b180000)
  object space 175104K, 0% used [0x00000006c1400000,0x00000006c1400000,0x00000006cbf00000)
 Metaspace       used 5657K, capacity 5796K, committed 5888K, reserved 1060864K
  class space    used 640K, capacity 718K, committed 768K, reserved 1048576K

Card table byte_map: [0x0000000011b00000,0x0000000012300000] byte_map_base: 0x000000000e4f6000

Marking Bits: (ParMarkBitMap*) 0x000000005c314ce0
 Begin Bits: [0x0000000012c50000, 0x0000000016c00000)
 End Bits:   [0x0000000016c00000, 0x000000001abb0000)

Polling page: 0x0000000000970000

CodeCache: size=245760Kb used=1631Kb max_used=1631Kb free=244128Kb
 bounds [0x0000000002740000, 0x00000000029b0000, 0x0000000011740000]
 total_blobs=605 nmethods=276 adapters=242
 compilation: enabled

Compilation events (10 events):
Event: 6.792 Thread 0x000000001bdac000  270       3       java.lang.invoke.MethodType::toMethodDescriptorString (21 bytes)
Event: 6.793 Thread 0x000000001bdac000 nmethod 270 0x00000000028d3e90 code [0x00000000028d40a0, 0x00000000028d4bb8]
Event: 6.794 Thread 0x000000001bdac000  272       3       sun.invoke.util.Wrapper::forPrimitiveType (49 bytes)
Event: 6.795 Thread 0x000000001bdac000 nmethod 272 0x00000000028d5690 code [0x00000000028d5920, 0x00000000028d6a98]
Event: 6.795 Thread 0x000000001bdac000  275       3       jdk.internal.org.objectweb.asm.Item::<init> (5 bytes)
Event: 6.795 Thread 0x000000001bdac000 nmethod 275 0x00000000028d7310 code [0x00000000028d7460, 0x00000000028d7610]
Event: 6.795 Thread 0x000000001bdac000  274       3       sun.reflect.misc.ReflectUtil::isVMAnonymousClass (19 bytes)
Event: 6.795 Thread 0x000000001bdac000 nmethod 274 0x00000000028d76d0 code [0x00000000028d7860, 0x00000000028d7db8]
Event: 6.796 Thread 0x000000001bdac000  276       3       jdk.internal.org.objectweb.asm.Label::<init> (5 bytes)
Event: 6.796 Thread 0x000000001bdac000 nmethod 276 0x00000000028d8010 code [0x00000000028d8160, 0x00000000028d8310]

GC Heap History (1 events):
Event: 6.797 GC heap before
{Heap before GC invocations=1 (full 0):
 PSYoungGen      total 76288K, used 5242K [0x000000076b180000, 0x0000000770680000, 0x00000007c0000000)
  eden space 65536K, 8% used [0x000000076b180000,0x000000076b69ebc8,0x000000076f180000)
  from space 10752K, 0% used [0x000000076fc00000,0x000000076fc00000,0x0000000770680000)
  to   space 10752K, 0% used [0x000000076f180000,0x000000076f180000,0x000000076fc00000)
 ParOldGen       total 175104K, used 0K [0x00000006c1400000, 0x00000006cbf00000, 0x000000076b180000)
  object space 175104K, 0% used [0x00000006c1400000,0x00000006c1400000,0x00000006cbf00000)
 Metaspace       used 5657K, capacity 5796K, committed 5888K, reserved 1060864K
  class space    used 640K, capacity 718K, committed 768K, reserved 1048576K

Deoptimization events (0 events):
No events

Classes redefined (0 events):
No events

Internal exceptions (10 events):
Event: 0.437 Thread 0x0000000002642800 Exception <a 'java/lang/NoSuchMethodError': Method sun.misc.Unsafe.defineClass(Ljava/lang/String;[BII)Ljava/lang/Class; name or signature does not match> (0x000000076b187cb0) thrown at [C:\re\workspace\8-2-build-windows-amd64-cygwin\jdk8u201\12322\hotspot
Event: 0.437 Thread 0x0000000002642800 Exception <a 'java/lang/NoSuchMethodError': Method sun.misc.Unsafe.prefetchRead(Ljava/lang/Object;J)V name or signature does not match> (0x000000076b187f98) thrown at [C:\re\workspace\8-2-build-windows-amd64-cygwin\jdk8u201\12322\hotspot\src\share\vm\prim
Event: 3.569 Thread 0x0000000002642800 Exception <a 'java/lang/NoSuchFieldError': method resolution failed> (0x000000076b446880) thrown at [C:\re\workspace\8-2-build-windows-amd64-cygwin\jdk8u201\12322\hotspot\src\share\vm\prims\methodHandles.cpp, line 1167]
Event: 3.576 Thread 0x0000000002642800 Exception <a 'java/lang/NoSuchFieldError': method resolution failed> (0x000000076b453c80) thrown at [C:\re\workspace\8-2-build-windows-amd64-cygwin\jdk8u201\12322\hotspot\src\share\vm\prims\methodHandles.cpp, line 1167]
Event: 3.830 Thread 0x0000000002642800 Exception <a 'java/security/PrivilegedActionException'> (0x000000076b4e6918) thrown at [C:\re\workspace\8-2-build-windows-amd64-cygwin\jdk8u201\12322\hotspot\src\share\vm\prims\jvm.cpp, line 1502]
Event: 3.830 Thread 0x0000000002642800 Exception <a 'java/security/PrivilegedActionException'> (0x000000076b4e6b28) thrown at [C:\re\workspace\8-2-build-windows-amd64-cygwin\jdk8u201\12322\hotspot\src\share\vm\prims\jvm.cpp, line 1502]
Event: 3.831 Thread 0x0000000002642800 Exception <a 'java/security/PrivilegedActionException'> (0x000000076b4eac20) thrown at [C:\re\workspace\8-2-build-windows-amd64-cygwin\jdk8u201\12322\hotspot\src\share\vm\prims\jvm.cpp, line 1502]
Event: 3.831 Thread 0x0000000002642800 Exception <a 'java/security/PrivilegedActionException'> (0x000000076b4eae30) thrown at [C:\re\workspace\8-2-build-windows-amd64-cygwin\jdk8u201\12322\hotspot\src\share\vm\prims\jvm.cpp, line 1502]
Event: 3.836 Thread 0x0000000002642800 Exception <a 'java/io/FileNotFoundException'> (0x000000076b4ecd80) thrown at [C:\re\workspace\8-2-build-windows-amd64-cygwin\jdk8u201\12322\hotspot\src\share\vm\prims\jni.cpp, line 709]
Event: 4.308 Thread 0x0000000002642800 Exception <a 'java/io/FileNotFoundException'> (0x000000076b501338) thrown at [C:\re\workspace\8-2-build-windows-amd64-cygwin\jdk8u201\12322\hotspot\src\share\vm\prims\jni.cpp, line 709]

Events (10 events):
Event: 6.795 loading class java/util/stream/ReduceOps$8
Event: 6.795 loading class java/util/stream/ReduceOps$ReduceOp
Event: 6.795 loading class java/util/stream/ReduceOps$ReduceOp done
Event: 6.795 loading class java/util/stream/ReduceOps$8 done
Event: 6.795 loading class java/util/stream/ReduceOps$8ReducingSink
Event: 6.795 loading class java/util/stream/ReduceOps$AccumulatingSink
Event: 6.795 loading class java/util/stream/ReduceOps$AccumulatingSink done
Event: 6.795 loading class java/util/stream/ReduceOps$8ReducingSink done
Event: 6.796 loading class java/awt/event/KeyEvent
Event: 6.797 Executing VM operation: CollectForMetadataAllocation


Dynamic libraries:
0x00007ff6f5870000 - 0x00007ff6f58a7000 	C:\Program Files\Java\jdk1.8.0_201\bin\java.exe
0x00007fff25960000 - 0x00007fff25b4d000 	C:\Windows\SYSTEM32\ntdll.dll
0x00007fff244b0000 - 0x00007fff24563000 	C:\Windows\System32\KERNEL32.DLL
0x00007fff21fd0000 - 0x00007fff22263000 	C:\Windows\System32\KERNELBASE.dll
0x00007fff245b0000 - 0x00007fff24653000 	C:\Windows\System32\ADVAPI32.dll
0x00007fff24de0000 - 0x00007fff24e7e000 	C:\Windows\System32\msvcrt.dll
0x00007fff24c70000 - 0x00007fff24d0e000 	C:\Windows\System32\sechost.dll
0x00007fff24360000 - 0x00007fff24482000 	C:\Windows\System32\RPCRT4.dll
0x00007fff253c0000 - 0x00007fff25557000 	C:\Windows\System32\USER32.dll
0x00007fff21fb0000 - 0x00007fff21fd0000 	C:\Windows\System32\win32u.dll
0x00007fff24570000 - 0x00007fff24599000 	C:\Windows\System32\GDI32.dll
0x00007fff21d10000 - 0x00007fff21ea9000 	C:\Windows\System32\gdi32full.dll
0x00007fff22a40000 - 0x00007fff22ae0000 	C:\Windows\System32\msvcp_win.dll
0x00007fff21eb0000 - 0x00007fff21faa000 	C:\Windows\System32\ucrtbase.dll
0x00007fff0df20000 - 0x00007fff0e199000 	C:\Windows\WinSxS\amd64_microsoft.windows.common-controls_6595b64144ccf1df_6.0.17763.678_none_05b74150071d72bf\COMCTL32.dll
0x00007fff24fe0000 - 0x00007fff2530c000 	C:\Windows\System32\combase.dll
0x00007fff21c10000 - 0x00007fff21c8e000 	C:\Windows\System32\bcryptPrimitives.dll
0x00007fff22d80000 - 0x00007fff22dae000 	C:\Windows\System32\IMM32.DLL
0x000000005c7f0000 - 0x000000005c8c1000 	C:\Program Files\Java\jdk1.8.0_201\jre\bin\msvcr100.dll
0x000000005baf0000 - 0x000000005c394000 	C:\Program Files\Java\jdk1.8.0_201\jre\bin\server\jvm.dll
0x00007fff245a0000 - 0x00007fff245a8000 	C:\Windows\System32\PSAPI.DLL
0x00007fff0d7d0000 - 0x00007fff0d7d9000 	C:\Windows\SYSTEM32\WSOCK32.dll
0x00007fff24660000 - 0x00007fff246cd000 	C:\Windows\System32\WS2_32.dll
0x00007fff1f5c0000 - 0x00007fff1f5e4000 	C:\Windows\SYSTEM32\WINMM.dll
0x00007fff15930000 - 0x00007fff1593a000 	C:\Windows\SYSTEM32\VERSION.dll
0x00007fff1f4a0000 - 0x00007fff1f4cd000 	C:\Windows\SYSTEM32\WINMMBASE.dll
0x00007fff229c0000 - 0x00007fff22a0a000 	C:\Windows\System32\cfgmgr32.dll
0x00007fff12db0000 - 0x00007fff12dbf000 	C:\Program Files\Java\jdk1.8.0_201\jre\bin\verify.dll
0x00007fff00b70000 - 0x00007fff00b99000 	C:\Program Files\Java\jdk1.8.0_201\jre\bin\java.dll
0x00007fff03c40000 - 0x00007fff03c56000 	C:\Program Files\Java\jdk1.8.0_201\jre\bin\zip.dll
0x00007fff22e10000 - 0x00007fff24300000 	C:\Windows\System32\SHELL32.dll
0x00007fff25310000 - 0x00007fff253b8000 	C:\Windows\System32\shcore.dll
0x00007fff22270000 - 0x00007fff229ba000 	C:\Windows\System32\windows.storage.dll
0x00007fff21a00000 - 0x00007fff21a24000 	C:\Windows\System32\profapi.dll
0x00007fff219a0000 - 0x00007fff219fd000 	C:\Windows\System32\powrprof.dll
0x00007fff258d0000 - 0x00007fff25922000 	C:\Windows\System32\shlwapi.dll
0x00007fff21980000 - 0x00007fff21991000 	C:\Windows\System32\kernel.appcore.dll
0x00007fff21cf0000 - 0x00007fff21d07000 	C:\Windows\System32\cryptsp.dll
0x00007fff074c0000 - 0x00007fff07659000 	C:\Program Files\Java\jdk1.8.0_201\jre\bin\awt.dll
0x00007fff24d10000 - 0x00007fff24dd4000 	C:\Windows\System32\OLEAUT32.dll
0x00007fff1f7e0000 - 0x00007fff1f86c000 	C:\Windows\SYSTEM32\apphelp.dll
0x00007fff1ff50000 - 0x00007fff1ff7e000 	C:\Windows\system32\DWMAPI.DLL
0x00007fff21a30000 - 0x00007fff21c0b000 	C:\Windows\System32\CRYPT32.dll
0x00007fff21960000 - 0x00007fff21972000 	C:\Windows\System32\MSASN1.dll
0x00007fff1fb20000 - 0x00007fff1fbbc000 	C:\Windows\system32\uxtheme.dll
0x00007ffef8030000 - 0x00007ffef8157000 	C:\Windows\system32\opengl32.dll
0x00007ffef85a0000 - 0x00007ffef85cc000 	C:\Windows\SYSTEM32\GLU32.dll
0x00007fff22b90000 - 0x00007fff22cfb000 	C:\Windows\System32\MSCTF.dll
0x00007fff24e80000 - 0x00007fff24fd5000 	C:\Windows\System32\ole32.dll

VM Arguments:
java_command: C:\react-project\app\backend\node_modules\node-key-sender\jar\key-sender.jar left
java_class_path (initial): C:\react-project\app\backend\node_modules\node-key-sender\jar\key-sender.jar
Launcher Type: SUN_STANDARD

Environment Variables:
JAVA_HOME=C:\Program Files\Java\jdk1.8.0_201
JRE_HOME=C:\Program Files\Java\jre1.8.0_181
PATH=C:\Program Files (x86)\NVIDIA Corporation\PhysX\Common;C:\Windows\system32;C:\Windows;C:\Windows\System32\Wbem;C:\Windows\System32\WindowsPowerShell\v1.0\;C:\Windows\System32\OpenSSH\;C:\Program Files (x86)\Microsoft SQL Server\110\Tools\Binn\;C:\Program Files\Microsoft SQL Server\110\Tools\Binn\;C:\Program Files\Microsoft SQL Server\110\DTS\Binn\;C:\Program Files (x86)\Microsoft SQL Server\110\Tools\Binn\ManagementStudio\;C:\Program Files (x86)\Microsoft SQL Server\110\DTS\Binn\;C:\Program Files\dotnet\;C:\Program Files\Microsoft SQL Server\130\Tools\Binn\;C:\Program Files\Microsoft SQL Server\Client SDK\ODBC\170\Tools\Binn\;C:\Program Files\nodejs\;C:\Program Files\Git\cmd;C:\Users\Zahra Ghaderi\AppData\Local\Microsoft\WindowsApps;D:\Microsoft VS Code\bin;C:\Users\Zahra Ghaderi\AppData\Local\Android\android-sdk;C:\Program Files\Java\jdk1.8.0_201\bin;C:\Users\Zahra Ghaderi\AppData\Local\watchman;C:\Program Files\Java\jre1.8.0_181\bin;C:\Users\Zahra Ghaderi\AppData\Roaming\npm;C:\Users\Zahra Ghaderi\AppData\Local\GitHubDesktop\bin;
USERNAME=Zahra Ghaderi
OS=Windows_NT
PROCESSOR_IDENTIFIER=Intel64 Family 6 Model 61 Stepping 4, GenuineIntel



---------------  S Y S T E M  ---------------

OS: Windows 10.0 , 64 bit Build 17763 (10.0.17763.475)

CPU:total 4 (initial active 4) (2 cores per cpu, 2 threads per core) family 6 model 61 stepping 4, cmov, cx8, fxsr, mmx, sse, sse2, sse3, ssse3, sse4.1, sse4.2, popcnt, avx, avx2, aes, clmul, erms, 3dnowpref, lzcnt, ht, tsc, tscinvbit, bmi1, bmi2, adx

Memory: 4k page, physical 16688992k(2090592k free), swap 48688988k(3064k free)

vm_info: Java HotSpot(TM) 64-Bit Server VM (25.201-b09) for windows-amd64 JRE (1.8.0_201-b09), built on Dec 15 2018 18:36:39 by "java_re" with MS VC++ 10.0 (VS2010)

time: Sun Aug 18 02:53:17 2019
timezone: Pacific Daylight Time
elapsed time: 6 seconds (0d 0h 0m 6s)

