#
# There is insufficient memory for the Java Runtime Environment to continue.
# Native memory allocation (malloc) failed to allocate 1048576 bytes for AllocateHeap
# Possible reasons:
#   The system is out of physical RAM or swap space
#   The process is running with CompressedOops enabled, and the Java Heap may be blocking the growth of the native heap
# Possible solutions:
#   Reduce memory load on the system
#   Increase physical memory or swap space
#   Check if swap backing store is full
#   Decrease Java heap size (-Xmx/-Xms)
#   Decrease number of Java threads
#   Decrease Java thread stack sizes (-Xss)
#   Set larger code cache with -XX:ReservedCodeCacheSize=
#   JVM is running with Zero Based Compressed Oops mode in which the Java heap is
#     placed in the first 32GB address space. The Java Heap base address is the
#     maximum limit for the native heap growth. Please use -XX:HeapBaseMinAddress
#     to set the Java Heap base and to place the Java Heap above 32GB virtual address.
# This output file may be truncated or incomplete.
#
#  Out of Memory Error (memory/allocation.inline.hpp:61), pid=19608, tid=0x0000000000001ecc
#
# JRE version:  (8.0_201-b09) (build )
# Java VM: Java HotSpot(TM) 64-Bit Server VM (25.201-b09 mixed mode windows-amd64 compressed oops)
# Failed to write core dump. Minidumps are not enabled by default on client versions of Windows
#

---------------  T H R E A D  ---------------

Current thread (0x00000000031c2800):  JavaThread "Unknown thread" [_thread_in_vm, id=7884, stack(0x00000000030c0000,0x00000000031c0000)]

Stack: [0x00000000030c0000,0x00000000031c0000]
[error occurred during error reporting (printing stack bounds), id 0xc0000005]

Native frames: (J=compiled Java code, j=interpreted, Vv=VM code, C=native code)


---------------  P R O C E S S  ---------------

Java Threads: ( => current thread )

Other Threads:

=>0x00000000031c2800 (exited) JavaThread "Unknown thread" [_thread_in_vm, id=7884, stack(0x00000000030c0000,0x00000000031c0000)]

VM state:not at safepoint (normal execution)

VM Mutex/Monitor currently owned by a thread: None

heap address: 0x00000006c1400000, size: 4076 MB, Compressed Oops mode: Zero based, Oop shift amount: 3
Narrow klass base: 0x0000000000000000, Narrow klass shift: 3
Compressed class space size: 1073741824 Address: 0x00000007c0000000

Heap:
 PSYoungGen      total 76288K, used 1310K [0x000000076b180000, 0x0000000770680000, 0x00000007c0000000)
  eden space 65536K, 2% used [0x000000076b180000,0x000000076b2c7af0,0x000000076f180000)
  from space 10752K, 0% used [0x000000076fc00000,0x000000076fc00000,0x0000000770680000)
  to   space 10752K, 0% used [0x000000076f180000,0x000000076f180000,0x000000076fc00000)
 ParOldGen       total 175104K, used 0K [0x00000006c1400000, 0x00000006cbf00000, 0x000000076b180000)
  object space 175104K, 0% used [0x00000006c1400000,0x00000006c1400000,0x00000006cbf00000)
 Metaspace       used 775K, capacity 4480K, committed 4480K, reserved 1056768K
  class space    used 76K, capacity 384K, committed 384K, reserved 1048576K

Card table byte_map: [0x0000000012680000,0x0000000012e80000] byte_map_base: 0x000000000f076000

Marking Bits: (ParMarkBitMap*) 0x000000005c314ce0
 Begin Bits: [0x00000000137d0000, 0x0000000017780000)
 End Bits:   [0x0000000017780000, 0x000000001b730000)

Polling page: 0x0000000001340000

CodeCache: size=245760Kb used=328Kb max_used=328Kb free=245431Kb
 bounds [0x00000000032c0000, 0x0000000003530000, 0x00000000122c0000]
 total_blobs=58 nmethods=0 adapters=38
 compilation: enabled

Compilation events (0 events):
No events

GC Heap History (0 events):
No events

Deoptimization events (0 events):
No events

Classes redefined (0 events):
No events

Internal exceptions (0 events):
No events

Events (10 events):
Event: 0.758 loading class java/lang/Short
Event: 0.758 loading class java/lang/Short done
Event: 0.758 loading class java/lang/Integer
Event: 0.758 loading class java/lang/Integer done
Event: 0.758 loading class java/lang/Long
Event: 0.758 loading class java/lang/Long done
Event: 0.759 loading class java/lang/NullPointerException
Event: 0.759 loading class java/lang/NullPointerException done
Event: 0.759 loading class java/lang/ArithmeticException
Event: 0.759 loading class java/lang/ArithmeticException done


Dynamic libraries:
0x00007ff6f5870000 - 0x00007ff6f58a7000 	C:\Program Files\Java\jdk1.8.0_201\bin\java.exe
0x00007fff25960000 - 0x00007fff25b4d000 	C:\Windows\SYSTEM32\ntdll.dll
0x00007fff244b0000 - 0x00007fff24563000 	C:\Windows\System32\KERNEL32.DLL
0x00007fff21fd0000 - 0x00007fff22263000 	C:\Windows\System32\KERNELBASE.dll
0x00007fff245b0000 - 0x00007fff24653000 	C:\Windows\System32\ADVAPI32.dll
0x00007fff24de0000 - 0x00007fff24e7e000 	C:\Windows\System32\msvcrt.dll
0x00007fff24c70000 - 0x00007fff24d0e000 	C:\Windows\System32\sechost.dll
0x00007fff24360000 - 0x00007fff24482000 	C:\Windows\System32\RPCRT4.dll
0x00007fff253c0000 - 0x00007fff25557000 	C:\Windows\System32\USER32.dll
0x00007fff21fb0000 - 0x00007fff21fd0000 	C:\Windows\System32\win32u.dll
0x00007fff24570000 - 0x00007fff24599000 	C:\Windows\System32\GDI32.dll
0x00007fff21d10000 - 0x00007fff21ea9000 	C:\Windows\System32\gdi32full.dll
0x00007fff22a40000 - 0x00007fff22ae0000 	C:\Windows\System32\msvcp_win.dll
0x00007fff21eb0000 - 0x00007fff21faa000 	C:\Windows\System32\ucrtbase.dll
0x00007fff0df20000 - 0x00007fff0e199000 	C:\Windows\WinSxS\amd64_microsoft.windows.common-controls_6595b64144ccf1df_6.0.17763.678_none_05b74150071d72bf\COMCTL32.dll
0x00007fff24fe0000 - 0x00007fff2530c000 	C:\Windows\System32\combase.dll
0x00007fff21c10000 - 0x00007fff21c8e000 	C:\Windows\System32\bcryptPrimitives.dll
0x00007fff22d80000 - 0x00007fff22dae000 	C:\Windows\System32\IMM32.DLL
0x000000005c7f0000 - 0x000000005c8c1000 	C:\Program Files\Java\jdk1.8.0_201\jre\bin\msvcr100.dll
0x000000005baf0000 - 0x000000005c394000 	C:\Program Files\Java\jdk1.8.0_201\jre\bin\server\jvm.dll
0x00007fff245a0000 - 0x00007fff245a8000 	C:\Windows\System32\PSAPI.DLL
0x00007fff0d7d0000 - 0x00007fff0d7d9000 	C:\Windows\SYSTEM32\WSOCK32.dll
0x00007fff24660000 - 0x00007fff246cd000 	C:\Windows\System32\WS2_32.dll
0x00007fff1f5c0000 - 0x00007fff1f5e4000 	C:\Windows\SYSTEM32\WINMM.dll
0x00007fff15930000 - 0x00007fff1593a000 	C:\Windows\SYSTEM32\VERSION.dll
0x00007fff1f4a0000 - 0x00007fff1f4cd000 	C:\Windows\SYSTEM32\WINMMBASE.dll
0x00007fff229c0000 - 0x00007fff22a0a000 	C:\Windows\System32\cfgmgr32.dll
0x00007fff12db0000 - 0x00007fff12dbf000 	C:\Program Files\Java\jdk1.8.0_201\jre\bin\verify.dll
0x00007fff00b70000 - 0x00007fff00b99000 	C:\Program Files\Java\jdk1.8.0_201\jre\bin\java.dll
0x00007fff03c40000 - 0x00007fff03c56000 	C:\Program Files\Java\jdk1.8.0_201\jre\bin\zip.dll

VM Arguments:
java_command: C:\react-project\app\backend\node_modules\node-key-sender\jar\key-sender.jar up
java_class_path (initial): C:\react-project\app\backend\node_modules\node-key-sender\jar\key-sender.jar
Launcher Type: SUN_STANDARD

Environment Variables:
JAVA_HOME=C:\Program Files\Java\jdk1.8.0_201
JRE_HOME=C:\Program Files\Java\jre1.8.0_181
PATH=C:\Program Files (x86)\NVIDIA Corporation\PhysX\Common;C:\Windows\system32;C:\Windows;C:\Windows\System32\Wbem;C:\Windows\System32\WindowsPowerShell\v1.0\;C:\Windows\System32\OpenSSH\;C:\Program Files (x86)\Microsoft SQL Server\110\Tools\Binn\;C:\Program Files\Microsoft SQL Server\110\Tools\Binn\;C:\Program Files\Microsoft SQL Server\110\DTS\Binn\;C:\Program Files (x86)\Microsoft SQL Server\110\Tools\Binn\ManagementStudio\;C:\Program Files (x86)\Microsoft SQL Server\110\DTS\Binn\;C:\Program Files\dotnet\;C:\Program Files\Microsoft SQL Server\130\Tools\Binn\;C:\Program Files\Microsoft SQL Server\Client SDK\ODBC\170\Tools\Binn\;C:\Program Files\nodejs\;C:\Program Files\Git\cmd;C:\Users\Zahra Ghaderi\AppData\Local\Microsoft\WindowsApps;D:\Microsoft VS Code\bin;C:\Users\Zahra Ghaderi\AppData\Local\Android\android-sdk;C:\Program Files\Java\jdk1.8.0_201\bin;C:\Users\Zahra Ghaderi\AppData\Local\watchman;C:\Program Files\Java\jre1.8.0_181\bin;C:\Users\Zahra Ghaderi\AppData\Roaming\npm;C:\Users\Zahra Ghaderi\AppData\Local\GitHubDesktop\bin;
USERNAME=Zahra Ghaderi
OS=Windows_NT
PROCESSOR_IDENTIFIER=Intel64 Family 6 Model 61 Stepping 4, GenuineIntel



---------------  S Y S T E M  ---------------

OS: Windows 10.0 , 64 bit Build 17763 (10.0.17763.475)

CPU:total 4 (initial active 4) (2 cores per cpu, 2 threads per core) family 6 model 61 stepping 4, cmov, cx8, fxsr, mmx, sse, sse2, sse3, ssse3, sse4.1, sse4.2, popcnt, avx, avx2, aes, clmul, erms, 3dnowpref, lzcnt, ht, tsc, tscinvbit, bmi1, bmi2, adx

Memory: 4k page, physical 16688992k(2543724k free), swap 48688988k(1194960k free)

vm_info: Java HotSpot(TM) 64-Bit Server VM (25.201-b09) for windows-amd64 JRE (1.8.0_201-b09), built on Dec 15 2018 18:36:39 by "java_re" with MS VC++ 10.0 (VS2010)

time: Sun Aug 18 02:52:57 2019
timezone: Pacific Daylight Time
elapsed time: 1 seconds (0d 0h 0m 1s)

