#
# A fatal error has been detected by the Java Runtime Environment:
#
#  EXCEPTION_ACCESS_VIOLATION (0xc0000005) at pc=0x0000000066a64e07, pid=26908, tid=0x0000000000006a6c
#
# JRE version:  (8.0_201-b09) (build )
# Java VM: Java HotSpot(TM) 64-Bit Server VM (25.201-b09 mixed mode windows-amd64 compressed oops)
# Problematic frame:
# V  [jvm.dll+0x214e07]
#
# Failed to write core dump. Minidumps are not enabled by default on client versions of Windows
#
# If you would like to submit a bug report, please visit:
#   http://bugreport.java.com/bugreport/crash.jsp
#

---------------  T H R E A D  ---------------

Current thread (0x00000000027d2800):  JavaThread "main" [_thread_in_vm, id=27244, stack(0x0000000002510000,0x0000000002610000)]

siginfo: ExceptionCode=0xc0000005, writing address 0x0000000002608570

Registers:
RAX=0x0000000002608570, RBX=0x0000000000000007, RCX=0x0000000000006000, RDX=0x0000000000000009
RSP=0x000000000260e570, RBP=0x0000000000000000, RSI=0x000000000260e570, RDI=0x0000000000000007
R8 =0x0000000000000009, R9 =0x00000000026c9470, R10=0x000000001b564e90, R11=0x000000000251a140
R12=0x00000000026c9470, R13=0x00000000027d2800, R14=0x000000000260e6a0, R15=0x000000001b564e90
RIP=0x0000000066a64e07, EFLAGS=0x0000000000010202

Top of Stack: (sp=0x000000000260e570)
0x000000000260e570:   00000000026ce580 00000000027d2800
0x000000000260e580:   00000000027d2800 00000000026c9470
0x000000000260e590:   00000000ffffffff 0000000066a65d37
0x000000000260e5a0:   000000000260e6a0 000000001b564e90
0x000000000260e5b0:   00000000027d2800 0000000066978dfc
0x000000000260e5c0:   0000000000000000 0000000000000005
0x000000000260e5d0:   00000007c0000f28 000000001b563338
0x000000000260e5e0:   000000001b564e90 00000000027d2800
0x000000000260e5f0:   00000000028e3be0 0000000000000000
0x000000000260e600:   0000000000000007 00000000026ce630
0x000000000260e610:   0000000000000028 0000000000000005
0x000000000260e620:   00000000026ce610 000000001b564e90
0x000000000260e630:   00000000027d2800 00000007c0003a78
0x000000000260e640:   00000000027d2800 0000000000000005
0x000000000260e650:   000000000260e7e8 000000006697e901
0x000000000260e660:   00000000027d2800 000000001b563990 

Instructions: (pc=0x0000000066a64e07)
0x0000000066a64de7:   48 89 6c 24 30 33 ed 66 90 e8 0b 5d 08 00 ff c3
0x0000000066a64df7:   48 63 c8 48 8b c6 48 0f af cf 48 ff c7 48 2b c1
0x0000000066a64e07:   89 28 48 63 c3 48 3b 05 95 9a 59 00 7e db 48 8b
0x0000000066a64e17:   6c 24 30 48 8b 5c 24 38 48 8b 74 24 40 48 83 c4 


Register to memory mapping:

RAX=0x0000000002608570 is pointing into the stack for thread: 0x00000000027d2800
RBX=0x0000000000000007 is an unknown value
RCX=0x0000000000006000 is an unknown value
RDX=0x0000000000000009 is an unknown value
RSP=0x000000000260e570 is pointing into the stack for thread: 0x00000000027d2800
RBP=0x0000000000000000 is an unknown value
RSI=0x000000000260e570 is pointing into the stack for thread: 0x00000000027d2800
RDI=0x0000000000000007 is an unknown value
R8 =0x0000000000000009 is an unknown value
R9 =0x00000000026c9470 is an unknown value
R10={method} {0x000000001b564e98} '<clinit>' '()V' in 'java/security/AccessControlContext'
R11=0x000000000251a140 is pointing into the stack for thread: 0x00000000027d2800
R12=0x00000000026c9470 is an unknown value
R13=0x00000000027d2800 is a thread
R14=0x000000000260e6a0 is pointing into the stack for thread: 0x00000000027d2800
R15={method} {0x000000001b564e98} '<clinit>' '()V' in 'java/security/AccessControlContext'


Stack: [0x0000000002510000,0x0000000002610000],  sp=0x000000000260e570,  free space=1017k
Native frames: (J=compiled Java code, j=interpreted, Vv=VM code, C=native code)

Java frames: (J=compiled Java code, j=interpreted, Vv=VM code)
j  java.security.AccessController.getStackAccessControlContext()Ljava/security/AccessControlContext;+0
j  java.security.AccessController.getContext()Ljava/security/AccessControlContext;+0
j  java.lang.Thread.init(Ljava/lang/ThreadGroup;Ljava/lang/Runnable;Ljava/lang/String;JLjava/security/AccessControlContext;Z)V+156
j  java.lang.Thread.init(Ljava/lang/ThreadGroup;Ljava/lang/Runnable;Ljava/lang/String;J)V+8
j  java.lang.Thread.<init>(Ljava/lang/ThreadGroup;Ljava/lang/String;)V+45
v  ~StubRoutines::call_stub

---------------  P R O C E S S  ---------------

Java Threads: ( => current thread )
=>0x00000000027d2800 JavaThread "main" [_thread_in_vm, id=27244, stack(0x0000000002510000,0x0000000002610000)]

Other Threads:
  0x000000001bea7000 VMThread [stack: 0x000000001cf40000,0x000000001d040000] [id=27468]

VM state:not at safepoint (normal execution)

VM Mutex/Monitor currently owned by a thread: None

heap address: 0x00000006c1400000, size: 4076 MB, Compressed Oops mode: Zero based, Oop shift amount: 3
Narrow klass base: 0x0000000000000000, Narrow klass shift: 3
Compressed class space size: 1073741824 Address: 0x00000007c0000000

Heap:
 PSYoungGen      total 76288K, used 1310K [0x000000076b180000, 0x0000000770680000, 0x00000007c0000000)
  eden space 65536K, 2% used [0x000000076b180000,0x000000076b2c7af0,0x000000076f180000)
  from space 10752K, 0% used [0x000000076fc00000,0x000000076fc00000,0x0000000770680000)
  to   space 10752K, 0% used [0x000000076f180000,0x000000076f180000,0x000000076fc00000)
 ParOldGen       total 175104K, used 0K [0x00000006c1400000, 0x00000006cbf00000, 0x000000076b180000)
  object space 175104K, 0% used [0x00000006c1400000,0x00000006c1400000,0x00000006cbf00000)
 Metaspace       used 828K, capacity 4480K, committed 4480K, reserved 1056768K
  class space    used 83K, capacity 384K, committed 384K, reserved 1048576K

Card table byte_map: [0x0000000011c90000,0x0000000012490000] byte_map_base: 0x000000000e686000

Marking Bits: (ParMarkBitMap*) 0x0000000067074ce0
 Begin Bits: [0x0000000012de0000, 0x0000000016d90000)
 End Bits:   [0x0000000016d90000, 0x000000001ad40000)

Polling page: 0x00000000005f0000

CodeCache: size=245760Kb used=392Kb max_used=392Kb free=245367Kb
 bounds [0x00000000028d0000, 0x0000000002b40000, 0x00000000118d0000]
 total_blobs=78 nmethods=0 adapters=52
 compilation: enabled

Compilation events (0 events):
No events

GC Heap History (0 events):
No events

Deoptimization events (0 events):
No events

Classes redefined (0 events):
No events

Internal exceptions (0 events):
No events

Events (10 events):
Event: 0.422 loading class java/lang/RuntimePermission
Event: 0.422 loading class java/security/BasicPermission
Event: 0.422 loading class java/security/Permission
Event: 0.422 loading class java/security/Guard
Event: 0.422 loading class java/security/Guard done
Event: 0.422 loading class java/security/Permission done
Event: 0.422 loading class java/security/BasicPermission done
Event: 0.422 loading class java/lang/RuntimePermission done
Event: 0.422 loading class java/security/AccessController
Event: 0.422 loading class java/security/AccessController done


Dynamic libraries:
0x00007ff7ad340000 - 0x00007ff7ad377000 	C:\Program Files\Java\jdk1.8.0_201\bin\java.exe
0x00007ff9b2f70000 - 0x00007ff9b315d000 	C:\Windows\SYSTEM32\ntdll.dll
0x00007ff9b1e60000 - 0x00007ff9b1f13000 	C:\Windows\System32\KERNEL32.DLL
0x00007ff9afeb0000 - 0x00007ff9b0143000 	C:\Windows\System32\KERNELBASE.dll
0x00007ff9b01a0000 - 0x00007ff9b0243000 	C:\Windows\System32\ADVAPI32.dll
0x00007ff9b0490000 - 0x00007ff9b052e000 	C:\Windows\System32\msvcrt.dll
0x00007ff9b2b40000 - 0x00007ff9b2bde000 	C:\Windows\System32\sechost.dll
0x00007ff9b1d30000 - 0x00007ff9b1e52000 	C:\Windows\System32\RPCRT4.dll
0x00007ff9b2d20000 - 0x00007ff9b2eb7000 	C:\Windows\System32\USER32.dll
0x00007ff9afb80000 - 0x00007ff9afba0000 	C:\Windows\System32\win32u.dll
0x00007ff9b2be0000 - 0x00007ff9b2c09000 	C:\Windows\System32\GDI32.dll
0x00007ff9af9e0000 - 0x00007ff9afb79000 	C:\Windows\System32\gdi32full.dll
0x00007ff9af040000 - 0x00007ff9af0e0000 	C:\Windows\System32\msvcp_win.dll
0x00007ff9af8e0000 - 0x00007ff9af9da000 	C:\Windows\System32\ucrtbase.dll
0x00007ff99db30000 - 0x00007ff99dda9000 	C:\Windows\WinSxS\amd64_microsoft.windows.common-controls_6595b64144ccf1df_6.0.17763.678_none_05b74150071d72bf\COMCTL32.dll
0x00007ff9b2810000 - 0x00007ff9b2b3c000 	C:\Windows\System32\combase.dll
0x00007ff9af0e0000 - 0x00007ff9af15e000 	C:\Windows\System32\bcryptPrimitives.dll
0x00007ff9b0330000 - 0x00007ff9b035e000 	C:\Windows\System32\IMM32.DLL
0x0000000067280000 - 0x0000000067351000 	C:\Program Files\Java\jdk1.8.0_201\jre\bin\msvcr100.dll
0x0000000066850000 - 0x00000000670f4000 	C:\Program Files\Java\jdk1.8.0_201\jre\bin\server\jvm.dll
0x00007ff9b1ff0000 - 0x00007ff9b1ff8000 	C:\Windows\System32\PSAPI.DLL
0x00007ff99ed00000 - 0x00007ff99ed09000 	C:\Windows\SYSTEM32\WSOCK32.dll
0x00007ff9b21e0000 - 0x00007ff9b224d000 	C:\Windows\System32\WS2_32.dll
0x00007ff9a7680000 - 0x00007ff9a76a4000 	C:\Windows\SYSTEM32\WINMM.dll
0x00007ff9a2c90000 - 0x00007ff9a2c9a000 	C:\Windows\SYSTEM32\VERSION.dll
0x00007ff9a7650000 - 0x00007ff9a767d000 	C:\Windows\SYSTEM32\WINMMBASE.dll
0x00007ff9b0150000 - 0x00007ff9b019a000 	C:\Windows\System32\cfgmgr32.dll
0x00007ff9a8d30000 - 0x00007ff9a8d3f000 	C:\Program Files\Java\jdk1.8.0_201\jre\bin\verify.dll
0x00007ff99f030000 - 0x00007ff99f059000 	C:\Program Files\Java\jdk1.8.0_201\jre\bin\java.dll
0x00007ff9a7bb0000 - 0x00007ff9a7bc6000 	C:\Program Files\Java\jdk1.8.0_201\jre\bin\zip.dll

VM Arguments:
java_command: C:\react-project\app\backend\node_modules\node-key-sender\jar\key-sender.jar 83
java_class_path (initial): C:\react-project\app\backend\node_modules\node-key-sender\jar\key-sender.jar
Launcher Type: SUN_STANDARD

Environment Variables:
JAVA_HOME=C:\Program Files\Java\jdk1.8.0_201
JRE_HOME=C:\Program Files\Java\jre1.8.0_181
PATH=C:\Program Files (x86)\NVIDIA Corporation\PhysX\Common;C:\Windows\system32;C:\Windows;C:\Windows\System32\Wbem;C:\Windows\System32\WindowsPowerShell\v1.0\;C:\Windows\System32\OpenSSH\;C:\Program Files (x86)\Microsoft SQL Server\110\Tools\Binn\;C:\Program Files\Microsoft SQL Server\110\Tools\Binn\;C:\Program Files\Microsoft SQL Server\110\DTS\Binn\;C:\Program Files (x86)\Microsoft SQL Server\110\Tools\Binn\ManagementStudio\;C:\Program Files (x86)\Microsoft SQL Server\110\DTS\Binn\;C:\Program Files\dotnet\;C:\Program Files\Microsoft SQL Server\130\Tools\Binn\;C:\Program Files\Microsoft SQL Server\Client SDK\ODBC\170\Tools\Binn\;C:\Program Files\nodejs\;C:\Program Files\Git\cmd;C:\Users\Zahra Ghaderi\AppData\Local\Microsoft\WindowsApps;D:\Microsoft VS Code\bin;C:\Users\Zahra Ghaderi\AppData\Local\Android\android-sdk;C:\Program Files\Java\jdk1.8.0_201\bin;C:\Users\Zahra Ghaderi\AppData\Local\watchman;C:\Program Files\Java\jre1.8.0_181\bin;C:\Users\Zahra Ghaderi\AppData\Roaming\npm;C:\Users\Zahra Ghaderi\AppData\Local\GitHubDesktop\bin;
USERNAME=Zahra Ghaderi
OS=Windows_NT
PROCESSOR_IDENTIFIER=Intel64 Family 6 Model 61 Stepping 4, GenuineIntel



---------------  S Y S T E M  ---------------

OS: Windows 10.0 , 64 bit Build 17763 (10.0.17763.475)

CPU:total 4 (initial active 4) (2 cores per cpu, 2 threads per core) family 6 model 61 stepping 4, cmov, cx8, fxsr, mmx, sse, sse2, sse3, ssse3, sse4.1, sse4.2, popcnt, avx, avx2, aes, clmul, erms, 3dnowpref, lzcnt, ht, tsc, tscinvbit, bmi1, bmi2, adx

Memory: 4k page, physical 16688992k(5625080k free), swap 48688988k(2440k free)

vm_info: Java HotSpot(TM) 64-Bit Server VM (25.201-b09) for windows-amd64 JRE (1.8.0_201-b09), built on Dec 15 2018 18:36:39 by "java_re" with MS VC++ 10.0 (VS2010)

time: Sun Aug 18 06:44:05 2019
timezone: Pacific Daylight Time
elapsed time: 0 seconds (0d 0h 0m 0s)

