#
# A fatal error has been detected by the Java Runtime Environment:
#
#  Internal Error (0xc06d007e), pid=16632, tid=0x0000000000006084
#
# JRE version:  (8.0_201-b09) (build )
# Java VM: Java HotSpot(TM) 64-Bit Server VM (25.201-b09 mixed mode windows-amd64 compressed oops)
# Problematic frame:
# C  [KERNELBASE.dll+0x39129]
#
# Failed to write core dump. Minidumps are not enabled by default on client versions of Windows
#
# If you would like to submit a bug report, please visit:
#   http://bugreport.java.com/bugreport/crash.jsp
# The crash happened outside the Java Virtual Machine in native code.
# See problematic frame for where to report the bug.
#

---------------  T H R E A D  ---------------

Current thread (0x00000000028e2800):  JavaThread "main" [_thread_in_native, id=24708, stack(0x00000000027e0000,0x00000000028e0000)]

siginfo: ExceptionCode=0xc06d007e, ExceptionInformation=0x00000000028dee30 

Registers:
RAX=0x00000000009fdc90, RBX=0x0000000000000000, RCX=0x00000000000000f0, RDX=0x00007fff25970030
RSP=0x00000000028ded30, RBP=0x00000000028dee88, RSI=0x00007fff00b8d894, RDI=0x0000000000000000
R8 =0x0000000000000000, R9 =0x0000000100000000, R10=0x0000000000000000, R11=0x0000000000000000
R12=0x0000000000000001, R13=0x00007fff00b95780, R14=0x00007fff00b95510, R15=0x00007fff00b8d920
RIP=0x00007fff22009129, EFLAGS=0x0000000000000202

Top of Stack: (sp=0x00000000028ded30)
0x00000000028ded30:   00007fff00b95510 0000000000000000
0x00000000028ded40:   00007fff00b8d894 0000000000000000
0x00000000028ded50:   00000000c06d007e 0000000000000000
0x00000000028ded60:   00007fff22009129 00007fff00000001
0x00000000028ded70:   00000000028dee30 0000000000000000
0x00000000028ded80:   00007fff00b95510 0000000000000000
0x00000000028ded90:   0000000000000000 00007fff21fec7a0
0x00000000028deda0:   0000000000000000 0000000000000000
0x00000000028dedb0:   00007fff00b8d894 0000000000000000
0x00000000028dedc0:   0000000000000000 0000000000000000
0x00000000028dedd0:   00007fff00b8cb70 00007fff2204a7ef
0x00000000028dede0:   0000000000000000 00000000028def68
0x00000000028dedf0:   000092c61d035cbb 000000005c843d01
0x00000000028dee00:   0000000000000000 00007fff00b88717
0x00000000028dee10:   0000000000000000 00007fff00b8d894
0x00000000028dee20:   00000000ffffffff 000000005c843878 

Instructions: (pc=0x00007fff22009129)
0x00007fff22009109:   8b d1 44 0f 47 c0 44 89 44 24 38 49 c1 e0 03 e8
0x00007fff22009119:   2a 1d 05 00 48 8d 4c 24 20 48 ff 15 ff 21 16 00
0x00007fff22009129:   0f 1f 44 00 00 48 8b 8c 24 c0 00 00 00 48 33 cc
0x00007fff22009139:   e8 12 e7 04 00 48 81 c4 d8 00 00 00 c3 83 64 24 


Register to memory mapping:

RAX=0x00000000009fdc90 is an unknown value
RBX=0x0000000000000000 is an unknown value
RCX=0x00000000000000f0 is an unknown value
RDX=0x00007fff25970030 is an unknown value
RSP=0x00000000028ded30 is pointing into the stack for thread: 0x00000000028e2800
RBP=0x00000000028dee88 is pointing into the stack for thread: 0x00000000028e2800
RSI=0x00007fff00b8d894 is an unknown value
RDI=0x0000000000000000 is an unknown value
R8 =0x0000000000000000 is an unknown value
R9 =0x0000000100000000 is an unknown value
R10=0x0000000000000000 is an unknown value
R11=0x0000000000000000 is an unknown value
R12=0x0000000000000001 is an unknown value
R13=0x00007fff00b95780 is an unknown value
R14=0x00007fff00b95510 is an unknown value
R15=0x00007fff00b8d920 is an unknown value


Stack: [0x00000000027e0000,0x00000000028e0000],  sp=0x00000000028ded30,  free space=1019k
Native frames: (J=compiled Java code, j=interpreted, Vv=VM code, C=native code)
C  [KERNELBASE.dll+0x39129]
C  [java.dll+0x18717]
C  [java.dll+0x18543]
C  [java.dll+0xcf2a]
C  [java.dll+0xd670]
C  [java.dll+0x60e0]
C  0x00000000029f8c67

Java frames: (J=compiled Java code, j=interpreted, Vv=VM code)
j  java.lang.System.initProperties(Ljava/util/Properties;)Ljava/util/Properties;+0
j  java.lang.System.initializeSystemClass()V+13
v  ~StubRoutines::call_stub

---------------  P R O C E S S  ---------------

Java Threads: ( => current thread )
  0x00000000029db000 JavaThread "Finalizer" daemon [_thread_blocked, id=19480, stack(0x000000001d250000,0x000000001d350000)]
  0x00000000029d2000 JavaThread "Reference Handler" daemon [_thread_blocked, id=17264, stack(0x000000001d150000,0x000000001d250000)]
=>0x00000000028e2800 JavaThread "main" [_thread_in_native, id=24708, stack(0x00000000027e0000,0x00000000028e0000)]

Other Threads:
  0x000000001bfb7000 VMThread [stack: 0x000000001d050000,0x000000001d150000] [id=23832]

VM state:not at safepoint (normal execution)

VM Mutex/Monitor currently owned by a thread: None

heap address: 0x00000006c1400000, size: 4076 MB, Compressed Oops mode: Zero based, Oop shift amount: 3
Narrow klass base: 0x0000000000000000, Narrow klass shift: 3
Compressed class space size: 1073741824 Address: 0x00000007c0000000

Heap:
 PSYoungGen      total 76288K, used 1310K [0x000000076b180000, 0x0000000770680000, 0x00000007c0000000)
  eden space 65536K, 2% used [0x000000076b180000,0x000000076b2c7af0,0x000000076f180000)
  from space 10752K, 0% used [0x000000076fc00000,0x000000076fc00000,0x0000000770680000)
  to   space 10752K, 0% used [0x000000076f180000,0x000000076f180000,0x000000076fc00000)
 ParOldGen       total 175104K, used 0K [0x00000006c1400000, 0x00000006cbf00000, 0x000000076b180000)
  object space 175104K, 0% used [0x00000006c1400000,0x00000006c1400000,0x00000006cbf00000)
 Metaspace       used 1107K, capacity 4480K, committed 4480K, reserved 1056768K
  class space    used 116K, capacity 384K, committed 384K, reserved 1048576K

Card table byte_map: [0x0000000011da0000,0x00000000125a0000] byte_map_base: 0x000000000e796000

Marking Bits: (ParMarkBitMap*) 0x000000005c314ce0
 Begin Bits: [0x0000000012ef0000, 0x0000000016ea0000)
 End Bits:   [0x0000000016ea0000, 0x000000001ae50000)

Polling page: 0x0000000000db0000

CodeCache: size=245760Kb used=405Kb max_used=405Kb free=245354Kb
 bounds [0x00000000029e0000, 0x0000000002c50000, 0x00000000119e0000]
 total_blobs=103 nmethods=0 adapters=77
 compilation: enabled

Compilation events (0 events):
No events

GC Heap History (0 events):
No events

Deoptimization events (0 events):
No events

Classes redefined (0 events):
No events

Internal exceptions (2 events):
Event: 0.711 Thread 0x00000000028e2800 Exception <a 'java/lang/NoSuchMethodError': Method sun.misc.Unsafe.defineClass(Ljava/lang/String;[BII)Ljava/lang/Class; name or signature does not match> (0x000000076b187cb0) thrown at [C:\re\workspace\8-2-build-windows-amd64-cygwin\jdk8u201\12322\hotspot
Event: 0.711 Thread 0x00000000028e2800 Exception <a 'java/lang/NoSuchMethodError': Method sun.misc.Unsafe.prefetchRead(Ljava/lang/Object;J)V name or signature does not match> (0x000000076b187f98) thrown at [C:\re\workspace\8-2-build-windows-amd64-cygwin\jdk8u201\12322\hotspot\src\share\vm\prim

Events (10 events):
Event: 0.712 loading class java/util/HashMap$Node done
Event: 0.712 loading class sun/misc/VM
Event: 0.712 loading class sun/misc/VM done
Event: 0.712 loading class java/util/Hashtable$Entry
Event: 0.712 loading class java/util/Hashtable$Entry done
Event: 0.712 loading class java/lang/Math
Event: 0.713 loading class java/lang/Math done
Event: 0.713 loading class java/lang/ref/Finalizer$FinalizerThread
Event: 0.713 loading class java/lang/ref/Finalizer$FinalizerThread done
Event: 0.713 Thread 0x00000000029db000 Thread added: 0x00000000029db000


Dynamic libraries:
0x00007ff6f5870000 - 0x00007ff6f58a7000 	C:\Program Files\Java\jdk1.8.0_201\bin\java.exe
0x00007fff25960000 - 0x00007fff25b4d000 	C:\Windows\SYSTEM32\ntdll.dll
0x00007fff244b0000 - 0x00007fff24563000 	C:\Windows\System32\KERNEL32.DLL
0x00007fff21fd0000 - 0x00007fff22263000 	C:\Windows\System32\KERNELBASE.dll
0x00007fff245b0000 - 0x00007fff24653000 	C:\Windows\System32\ADVAPI32.dll
0x00007fff24de0000 - 0x00007fff24e7e000 	C:\Windows\System32\msvcrt.dll
0x00007fff24c70000 - 0x00007fff24d0e000 	C:\Windows\System32\sechost.dll
0x00007fff24360000 - 0x00007fff24482000 	C:\Windows\System32\RPCRT4.dll
0x00007fff253c0000 - 0x00007fff25557000 	C:\Windows\System32\USER32.dll
0x00007fff21fb0000 - 0x00007fff21fd0000 	C:\Windows\System32\win32u.dll
0x00007fff24570000 - 0x00007fff24599000 	C:\Windows\System32\GDI32.dll
0x00007fff21d10000 - 0x00007fff21ea9000 	C:\Windows\System32\gdi32full.dll
0x00007fff22a40000 - 0x00007fff22ae0000 	C:\Windows\System32\msvcp_win.dll
0x00007fff21eb0000 - 0x00007fff21faa000 	C:\Windows\System32\ucrtbase.dll
0x00007fff0df20000 - 0x00007fff0e199000 	C:\Windows\WinSxS\amd64_microsoft.windows.common-controls_6595b64144ccf1df_6.0.17763.678_none_05b74150071d72bf\COMCTL32.dll
0x00007fff24fe0000 - 0x00007fff2530c000 	C:\Windows\System32\combase.dll
0x00007fff21c10000 - 0x00007fff21c8e000 	C:\Windows\System32\bcryptPrimitives.dll
0x00007fff22d80000 - 0x00007fff22dae000 	C:\Windows\System32\IMM32.DLL
0x000000005c7f0000 - 0x000000005c8c1000 	C:\Program Files\Java\jdk1.8.0_201\jre\bin\msvcr100.dll
0x000000005baf0000 - 0x000000005c394000 	C:\Program Files\Java\jdk1.8.0_201\jre\bin\server\jvm.dll
0x00007fff245a0000 - 0x00007fff245a8000 	C:\Windows\System32\PSAPI.DLL
0x00007fff0d7d0000 - 0x00007fff0d7d9000 	C:\Windows\SYSTEM32\WSOCK32.dll
0x00007fff24660000 - 0x00007fff246cd000 	C:\Windows\System32\WS2_32.dll
0x00007fff1f5c0000 - 0x00007fff1f5e4000 	C:\Windows\SYSTEM32\WINMM.dll
0x00007fff15930000 - 0x00007fff1593a000 	C:\Windows\SYSTEM32\VERSION.dll
0x00007fff1f4a0000 - 0x00007fff1f4cd000 	C:\Windows\SYSTEM32\WINMMBASE.dll
0x00007fff229c0000 - 0x00007fff22a0a000 	C:\Windows\System32\cfgmgr32.dll
0x00007fff12db0000 - 0x00007fff12dbf000 	C:\Program Files\Java\jdk1.8.0_201\jre\bin\verify.dll
0x00007fff00b70000 - 0x00007fff00b99000 	C:\Program Files\Java\jdk1.8.0_201\jre\bin\java.dll
0x00007fff03c40000 - 0x00007fff03c56000 	C:\Program Files\Java\jdk1.8.0_201\jre\bin\zip.dll
0x00007fff0f6d0000 - 0x00007fff0f8bd000 	C:\Windows\SYSTEM32\dbghelp.dll

VM Arguments:
java_command: C:\react-project\app\backend\node_modules\node-key-sender\jar\key-sender.jar left
java_class_path (initial): C:\react-project\app\backend\node_modules\node-key-sender\jar\key-sender.jar
Launcher Type: SUN_STANDARD

Environment Variables:
JAVA_HOME=C:\Program Files\Java\jdk1.8.0_201
JRE_HOME=C:\Program Files\Java\jre1.8.0_181
PATH=C:\Program Files (x86)\NVIDIA Corporation\PhysX\Common;C:\Windows\system32;C:\Windows;C:\Windows\System32\Wbem;C:\Windows\System32\WindowsPowerShell\v1.0\;C:\Windows\System32\OpenSSH\;C:\Program Files (x86)\Microsoft SQL Server\110\Tools\Binn\;C:\Program Files\Microsoft SQL Server\110\Tools\Binn\;C:\Program Files\Microsoft SQL Server\110\DTS\Binn\;C:\Program Files (x86)\Microsoft SQL Server\110\Tools\Binn\ManagementStudio\;C:\Program Files (x86)\Microsoft SQL Server\110\DTS\Binn\;C:\Program Files\dotnet\;C:\Program Files\Microsoft SQL Server\130\Tools\Binn\;C:\Program Files\Microsoft SQL Server\Client SDK\ODBC\170\Tools\Binn\;C:\Program Files\nodejs\;C:\Program Files\Git\cmd;C:\Users\Zahra Ghaderi\AppData\Local\Microsoft\WindowsApps;D:\Microsoft VS Code\bin;C:\Users\Zahra Ghaderi\AppData\Local\Android\android-sdk;C:\Program Files\Java\jdk1.8.0_201\bin;C:\Users\Zahra Ghaderi\AppData\Local\watchman;C:\Program Files\Java\jre1.8.0_181\bin;C:\Users\Zahra Ghaderi\AppData\Roaming\npm;C:\Users\Zahra Ghaderi\AppData\Local\GitHubDesktop\bin;
USERNAME=Zahra Ghaderi
OS=Windows_NT
PROCESSOR_IDENTIFIER=Intel64 Family 6 Model 61 Stepping 4, GenuineIntel



---------------  S Y S T E M  ---------------

OS: Windows 10.0 , 64 bit Build 17763 (10.0.17763.475)

CPU:total 4 (initial active 4) (2 cores per cpu, 2 threads per core) family 6 model 61 stepping 4, cmov, cx8, fxsr, mmx, sse, sse2, sse3, ssse3, sse4.1, sse4.2, popcnt, avx, avx2, aes, clmul, erms, 3dnowpref, lzcnt, ht, tsc, tscinvbit, bmi1, bmi2, adx

Memory: 4k page, physical 16688992k(2599232k free), swap 48688988k(1322232k free)

vm_info: Java HotSpot(TM) 64-Bit Server VM (25.201-b09) for windows-amd64 JRE (1.8.0_201-b09), built on Dec 15 2018 18:36:39 by "java_re" with MS VC++ 10.0 (VS2010)

time: Sun Aug 18 02:49:47 2019
timezone: Pacific Daylight Time
elapsed time: 1 seconds (0d 0h 0m 1s)

