#
# There is insufficient memory for the Java Runtime Environment to continue.
# Native memory allocation (malloc) failed to allocate 32744 bytes for ChunkPool::allocate
# Possible reasons:
#   The system is out of physical RAM or swap space
#   The process is running with CompressedOops enabled, and the Java Heap may be blocking the growth of the native heap
# Possible solutions:
#   Reduce memory load on the system
#   Increase physical memory or swap space
#   Check if swap backing store is full
#   Decrease Java heap size (-Xmx/-Xms)
#   Decrease number of Java threads
#   Decrease Java thread stack sizes (-Xss)
#   Set larger code cache with -XX:ReservedCodeCacheSize=
#   JVM is running with Zero Based Compressed Oops mode in which the Java heap is
#     placed in the first 32GB address space. The Java Heap base address is the
#     maximum limit for the native heap growth. Please use -XX:HeapBaseMinAddress
#     to set the Java Heap base and to place the Java Heap above 32GB virtual address.
# This output file may be truncated or incomplete.
#
#  Out of Memory Error (allocation.cpp:273), pid=20688, tid=0x0000000000003af4
#
# JRE version: Java(TM) SE Runtime Environment (8.0_201-b09) (build 1.8.0_201-b09)
# Java VM: Java HotSpot(TM) 64-Bit Server VM (25.201-b09 mixed mode windows-amd64 compressed oops)
# Failed to write core dump. Minidumps are not enabled by default on client versions of Windows
#

---------------  T H R E A D  ---------------

Current thread (0x000000001c06c000):  JavaThread "C1 CompilerThread2" daemon [_thread_in_native, id=15092, stack(0x000000001d870000,0x000000001d970000)]

Stack: [0x000000001d870000,0x000000001d970000]
[error occurred during error reporting (printing stack bounds), id 0xc0000005]

Native frames: (J=compiled Java code, j=interpreted, Vv=VM code, C=native code)


Current CompileTask:
C1:   5480  162       3       jdk.internal.org.objectweb.asm.Frame::execute (2252 bytes)


---------------  P R O C E S S  ---------------

Java Threads: ( => current thread )
  0x000000001d970800 JavaThread "Service Thread" daemon [_thread_blocked, id=13140, stack(0x000000001dd70000,0x000000001de70000)]
=>0x000000001c06c000 JavaThread "C1 CompilerThread2" daemon [_thread_in_native, id=15092, stack(0x000000001d870000,0x000000001d970000)]
  0x000000001c069800 JavaThread "C2 CompilerThread1" daemon [_thread_blocked, id=20588, stack(0x000000001d770000,0x000000001d870000)]
  0x000000001c014800 JavaThread "C2 CompilerThread0" daemon [_thread_blocked, id=2140, stack(0x000000001d670000,0x000000001d770000)]
  0x000000001c013000 JavaThread "Attach Listener" daemon [_thread_blocked, id=19060, stack(0x000000001d570000,0x000000001d670000)]
  0x00000000029fe000 JavaThread "Signal Dispatcher" daemon [_thread_blocked, id=10400, stack(0x000000001d470000,0x000000001d570000)]
  0x00000000029f5800 JavaThread "Finalizer" daemon [_thread_blocked, id=2112, stack(0x000000001d270000,0x000000001d370000)]
  0x00000000029f2000 JavaThread "Reference Handler" daemon [_thread_blocked, id=18616, stack(0x000000001d170000,0x000000001d270000)]
  0x0000000002902800 JavaThread "main" [_thread_in_vm, id=21012, stack(0x0000000002770000,0x0000000002870000)]

Other Threads:
  0x000000001bfd7000 VMThread [stack: 0x000000001d070000,0x000000001d170000] [id=14724]
  0x000000001d979000 WatcherThread [stack: 0x000000001de70000,0x000000001df70000] [id=2412]

VM state:not at safepoint (normal execution)

VM Mutex/Monitor currently owned by a thread: None

heap address: 0x00000006c1400000, size: 4076 MB, Compressed Oops mode: Zero based, Oop shift amount: 3
Narrow klass base: 0x0000000000000000, Narrow klass shift: 3
Compressed class space size: 1073741824 Address: 0x00000007c0000000

Heap:
 PSYoungGen      total 76288K, used 3932K [0x000000076b180000, 0x0000000770680000, 0x00000007c0000000)
  eden space 65536K, 6% used [0x000000076b180000,0x000000076b5570c8,0x000000076f180000)
  from space 10752K, 0% used [0x000000076fc00000,0x000000076fc00000,0x0000000770680000)
  to   space 10752K, 0% used [0x000000076f180000,0x000000076f180000,0x000000076fc00000)
 ParOldGen       total 175104K, used 0K [0x00000006c1400000, 0x00000006cbf00000, 0x000000076b180000)
  object space 175104K, 0% used [0x00000006c1400000,0x00000006c1400000,0x00000006cbf00000)
 Metaspace       used 3523K, capacity 4698K, committed 4864K, reserved 1056768K
  class space    used 388K, capacity 473K, committed 512K, reserved 1048576K

Card table byte_map: [0x0000000011dc0000,0x00000000125c0000] byte_map_base: 0x000000000e7b6000

Marking Bits: (ParMarkBitMap*) 0x000000005c314ce0
 Begin Bits: [0x0000000012f10000, 0x0000000016ec0000)
 End Bits:   [0x0000000016ec0000, 0x000000001ae70000)

Polling page: 0x0000000000d20000

CodeCache: size=245760Kb used=1294Kb max_used=1294Kb free=244465Kb
 bounds [0x0000000002a00000, 0x0000000002c70000, 0x0000000011a00000]
 total_blobs=418 nmethods=165 adapters=166
 compilation: enabled

Compilation events (10 events):
Event: 5.474 Thread 0x000000001c06c000 nmethod 153 0x0000000002b41dd0 code [0x0000000002b41f20, 0x0000000002b42090]
Event: 5.474 Thread 0x000000001c06c000  155       1       java.lang.invoke.MethodHandle::type (5 bytes)
Event: 5.474 Thread 0x000000001c06c000 nmethod 155 0x0000000002b3d290 code [0x0000000002b3d3e0, 0x0000000002b3d4f0]
Event: 5.474 Thread 0x000000001c06c000  157       3       java.lang.invoke.LambdaForm$NamedFunction::methodType (23 bytes)
Event: 5.475 Thread 0x000000001c06c000 nmethod 157 0x0000000002b42150 code [0x0000000002b422c0, 0x0000000002b425c8]
Event: 5.475 Thread 0x000000001c06c000  158       3       jdk.internal.org.objectweb.asm.ClassWriter::addType (39 bytes)
Event: 5.475 Thread 0x000000001c06c000 nmethod 158 0x0000000002b42990 code [0x0000000002b42b20, 0x0000000002b42e28]
Event: 5.475 Thread 0x000000001c06c000  159       3       jdk.internal.org.objectweb.asm.ByteVector::putInt (74 bytes)
Event: 5.475 Thread 0x000000001c06c000 nmethod 159 0x0000000002b42f50 code [0x0000000002b430c0, 0x0000000002b43368]
Event: 5.475 Thread 0x000000001c06c000  162       3       jdk.internal.org.objectweb.asm.Frame::execute (2252 bytes)

GC Heap History (0 events):
No events

Deoptimization events (0 events):
No events

Classes redefined (0 events):
No events

Internal exceptions (2 events):
Event: 3.058 Thread 0x0000000002902800 Exception <a 'java/lang/NoSuchMethodError': Method sun.misc.Unsafe.defineClass(Ljava/lang/String;[BII)Ljava/lang/Class; name or signature does not match> (0x000000076b187cb0) thrown at [C:\re\workspace\8-2-build-windows-amd64-cygwin\jdk8u201\12322\hotspot
Event: 3.058 Thread 0x0000000002902800 Exception <a 'java/lang/NoSuchMethodError': Method sun.misc.Unsafe.prefetchRead(Ljava/lang/Object;J)V name or signature does not match> (0x000000076b187f98) thrown at [C:\re\workspace\8-2-build-windows-amd64-cygwin\jdk8u201\12322\hotspot\src\share\vm\prim

Events (10 events):
Event: 5.460 loading class java/lang/invoke/MethodHandleImpl$AsVarargsCollector
Event: 5.460 loading class java/lang/invoke/DelegatingMethodHandle
Event: 5.460 loading class java/lang/invoke/DelegatingMethodHandle done
Event: 5.460 loading class java/lang/invoke/MethodHandleImpl$AsVarargsCollector done
Event: 5.461 loading class java/lang/invoke/WrongMethodTypeException
Event: 5.461 loading class java/lang/invoke/WrongMethodTypeException done
Event: 5.463 loading class java/lang/invoke/MethodHandleImpl$Lazy
Event: 5.463 loading class java/lang/invoke/MethodHandleImpl$Lazy done
Event: 5.463 loading class java/lang/invoke/MethodHandleImpl$IntrinsicMethodHandle
Event: 5.463 loading class java/lang/invoke/MethodHandleImpl$IntrinsicMethodHandle done


Dynamic libraries:
0x00007ff6f5870000 - 0x00007ff6f58a7000 	C:\Program Files\Java\jdk1.8.0_201\bin\java.exe
0x00007fff25960000 - 0x00007fff25b4d000 	C:\Windows\SYSTEM32\ntdll.dll
0x00007fff244b0000 - 0x00007fff24563000 	C:\Windows\System32\KERNEL32.DLL
0x00007fff21fd0000 - 0x00007fff22263000 	C:\Windows\System32\KERNELBASE.dll
0x00007fff245b0000 - 0x00007fff24653000 	C:\Windows\System32\ADVAPI32.dll
0x00007fff24de0000 - 0x00007fff24e7e000 	C:\Windows\System32\msvcrt.dll
0x00007fff24c70000 - 0x00007fff24d0e000 	C:\Windows\System32\sechost.dll
0x00007fff24360000 - 0x00007fff24482000 	C:\Windows\System32\RPCRT4.dll
0x00007fff253c0000 - 0x00007fff25557000 	C:\Windows\System32\USER32.dll
0x00007fff21fb0000 - 0x00007fff21fd0000 	C:\Windows\System32\win32u.dll
0x00007fff24570000 - 0x00007fff24599000 	C:\Windows\System32\GDI32.dll
0x00007fff21d10000 - 0x00007fff21ea9000 	C:\Windows\System32\gdi32full.dll
0x00007fff22a40000 - 0x00007fff22ae0000 	C:\Windows\System32\msvcp_win.dll
0x00007fff21eb0000 - 0x00007fff21faa000 	C:\Windows\System32\ucrtbase.dll
0x00007fff0df20000 - 0x00007fff0e199000 	C:\Windows\WinSxS\amd64_microsoft.windows.common-controls_6595b64144ccf1df_6.0.17763.678_none_05b74150071d72bf\COMCTL32.dll
0x00007fff24fe0000 - 0x00007fff2530c000 	C:\Windows\System32\combase.dll
0x00007fff21c10000 - 0x00007fff21c8e000 	C:\Windows\System32\bcryptPrimitives.dll
0x00007fff22d80000 - 0x00007fff22dae000 	C:\Windows\System32\IMM32.DLL
0x000000005c7f0000 - 0x000000005c8c1000 	C:\Program Files\Java\jdk1.8.0_201\jre\bin\msvcr100.dll
0x000000005baf0000 - 0x000000005c394000 	C:\Program Files\Java\jdk1.8.0_201\jre\bin\server\jvm.dll
0x00007fff245a0000 - 0x00007fff245a8000 	C:\Windows\System32\PSAPI.DLL
0x00007fff0d7d0000 - 0x00007fff0d7d9000 	C:\Windows\SYSTEM32\WSOCK32.dll
0x00007fff24660000 - 0x00007fff246cd000 	C:\Windows\System32\WS2_32.dll
0x00007fff1f5c0000 - 0x00007fff1f5e4000 	C:\Windows\SYSTEM32\WINMM.dll
0x00007fff15930000 - 0x00007fff1593a000 	C:\Windows\SYSTEM32\VERSION.dll
0x00007fff1f4a0000 - 0x00007fff1f4cd000 	C:\Windows\SYSTEM32\WINMMBASE.dll
0x00007fff229c0000 - 0x00007fff22a0a000 	C:\Windows\System32\cfgmgr32.dll
0x00007fff12db0000 - 0x00007fff12dbf000 	C:\Program Files\Java\jdk1.8.0_201\jre\bin\verify.dll
0x00007fff00b70000 - 0x00007fff00b99000 	C:\Program Files\Java\jdk1.8.0_201\jre\bin\java.dll
0x00007fff03c40000 - 0x00007fff03c56000 	C:\Program Files\Java\jdk1.8.0_201\jre\bin\zip.dll
0x00007fff22e10000 - 0x00007fff24300000 	C:\Windows\System32\SHELL32.dll
0x00007fff25310000 - 0x00007fff253b8000 	C:\Windows\System32\shcore.dll
0x00007fff22270000 - 0x00007fff229ba000 	C:\Windows\System32\windows.storage.dll
0x00007fff21a00000 - 0x00007fff21a24000 	C:\Windows\System32\profapi.dll
0x00007fff219a0000 - 0x00007fff219fd000 	C:\Windows\System32\powrprof.dll
0x00007fff258d0000 - 0x00007fff25922000 	C:\Windows\System32\shlwapi.dll
0x00007fff21980000 - 0x00007fff21991000 	C:\Windows\System32\kernel.appcore.dll
0x00007fff21cf0000 - 0x00007fff21d07000 	C:\Windows\System32\cryptsp.dll

VM Arguments:
java_command: C:\react-project\app\backend\node_modules\node-key-sender\jar\key-sender.jar left
java_class_path (initial): C:\react-project\app\backend\node_modules\node-key-sender\jar\key-sender.jar
Launcher Type: SUN_STANDARD

Environment Variables:
JAVA_HOME=C:\Program Files\Java\jdk1.8.0_201
JRE_HOME=C:\Program Files\Java\jre1.8.0_181
PATH=C:\Program Files (x86)\NVIDIA Corporation\PhysX\Common;C:\Windows\system32;C:\Windows;C:\Windows\System32\Wbem;C:\Windows\System32\WindowsPowerShell\v1.0\;C:\Windows\System32\OpenSSH\;C:\Program Files (x86)\Microsoft SQL Server\110\Tools\Binn\;C:\Program Files\Microsoft SQL Server\110\Tools\Binn\;C:\Program Files\Microsoft SQL Server\110\DTS\Binn\;C:\Program Files (x86)\Microsoft SQL Server\110\Tools\Binn\ManagementStudio\;C:\Program Files (x86)\Microsoft SQL Server\110\DTS\Binn\;C:\Program Files\dotnet\;C:\Program Files\Microsoft SQL Server\130\Tools\Binn\;C:\Program Files\Microsoft SQL Server\Client SDK\ODBC\170\Tools\Binn\;C:\Program Files\nodejs\;C:\Program Files\Git\cmd;C:\Users\Zahra Ghaderi\AppData\Local\Microsoft\WindowsApps;D:\Microsoft VS Code\bin;C:\Users\Zahra Ghaderi\AppData\Local\Android\android-sdk;C:\Program Files\Java\jdk1.8.0_201\bin;C:\Users\Zahra Ghaderi\AppData\Local\watchman;C:\Program Files\Java\jre1.8.0_181\bin;C:\Users\Zahra Ghaderi\AppData\Roaming\npm;C:\Users\Zahra Ghaderi\AppData\Local\GitHubDesktop\bin;
USERNAME=Zahra Ghaderi
OS=Windows_NT
PROCESSOR_IDENTIFIER=Intel64 Family 6 Model 61 Stepping 4, GenuineIntel



---------------  S Y S T E M  ---------------

OS: Windows 10.0 , 64 bit Build 17763 (10.0.17763.475)

CPU:total 4 (initial active 4) (2 cores per cpu, 2 threads per core) family 6 model 61 stepping 4, cmov, cx8, fxsr, mmx, sse, sse2, sse3, ssse3, sse4.1, sse4.2, popcnt, avx, avx2, aes, clmul, erms, 3dnowpref, lzcnt, ht, tsc, tscinvbit, bmi1, bmi2, adx

Memory: 4k page, physical 16688992k(2376868k free), swap 48688988k(5120k free)

vm_info: Java HotSpot(TM) 64-Bit Server VM (25.201-b09) for windows-amd64 JRE (1.8.0_201-b09), built on Dec 15 2018 18:36:39 by "java_re" with MS VC++ 10.0 (VS2010)

time: Sun Aug 18 02:53:49 2019
timezone: Pacific Daylight Time
elapsed time: 5 seconds (0d 0h 0m 5s)

