#
# A fatal error has been detected by the Java Runtime Environment:
#
#  EXCEPTION_ACCESS_VIOLATION (0xc0000005) at pc=0x000000005bd04e07, pid=20488, tid=0x0000000000004c5c
#
# JRE version:  (8.0_201-b09) (build )
# Java VM: Java HotSpot(TM) 64-Bit Server VM (25.201-b09 mixed mode windows-amd64 compressed oops)
# Problematic frame:
# V  [jvm.dll+0x214e07]
#
# Failed to write core dump. Minidumps are not enabled by default on client versions of Windows
#
# If you would like to submit a bug report, please visit:
#   http://bugreport.java.com/bugreport/crash.jsp
#

---------------  T H R E A D  ---------------

Current thread (0x0000000002722800):  JavaThread "Unknown thread" [_thread_in_vm, id=19548, stack(0x0000000002540000,0x0000000002640000)]

siginfo: ExceptionCode=0xc0000005, writing address 0x0000000002638e70

Registers:
RAX=0x0000000002638e70, RBX=0x0000000000000007, RCX=0x0000000000006000, RDX=0x0000000000000004
RSP=0x000000000263ee70, RBP=0x0000000000000000, RSI=0x000000000263ee70, RDI=0x0000000000000007
R8 =0x0000000000000004, R9 =0x0000000002719950, R10=0x000000001b490ca8, R11=0x000000000254a138
R12=0x0000000002719950, R13=0x0000000002722800, R14=0x000000000263efa0, R15=0x000000001b490ca8
RIP=0x000000005bd04e07, EFLAGS=0x0000000000010202

Top of Stack: (sp=0x000000000263ee70)
0x000000000263ee70:   0000000000000000 000000005b020000
0x000000000263ee80:   0000000002722800 0000000002719950
0x000000000263ee90:   00000000ffffffff 000000005bd05d37
0x000000000263eea0:   000000000263efa0 000000001b490ca8
0x000000000263eeb0:   0000000002722800 0000000000000000
0x000000000263eec0:   00000007c00119e0 0000000000000000
0x000000000263eed0:   0000000000000000 000000005bd08501
0x000000000263eee0:   000000001b490ca8 0000000002722800
0x000000000263eef0:   0000000002833be0 0000000000000000
0x000000000263ef00:   000000001bd54e01 000000005bbfa130
0x000000000263ef10:   000000001b4978d0 000000000263f0a0
0x000000000263ef20:   0000648f64136447 000000001b490ca8
0x000000000263ef30:   0000000002722800 0000000000000000
0x000000000263ef40:   000000000263f048 000000005bc00d51
0x000000000263ef50:   000000000263f0e8 000000005bb25a15
0x000000000263ef60:   0000000000000000 3078304029303030 

Instructions: (pc=0x000000005bd04e07)
0x000000005bd04de7:   48 89 6c 24 30 33 ed 66 90 e8 0b 5d 08 00 ff c3
0x000000005bd04df7:   48 63 c8 48 8b c6 48 0f af cf 48 ff c7 48 2b c1
0x000000005bd04e07:   89 28 48 63 c3 48 3b 05 95 9a 59 00 7e db 48 8b
0x000000005bd04e17:   6c 24 30 48 8b 5c 24 38 48 8b 74 24 40 48 83 c4 


Register to memory mapping:

RAX=0x0000000002638e70 is pointing into the stack for thread: 0x0000000002722800
RBX=0x0000000000000007 is an unknown value
RCX=0x0000000000006000 is an unknown value
RDX=0x0000000000000004 is an unknown value
RSP=0x000000000263ee70 is pointing into the stack for thread: 0x0000000002722800
RBP=0x0000000000000000 is an unknown value
RSI=0x000000000263ee70 is pointing into the stack for thread: 0x0000000002722800
RDI=0x0000000000000007 is an unknown value
R8 =0x0000000000000004 is an unknown value
R9 =0x0000000002719950 is an unknown value
R10={method} {0x000000001b490cb0} '<clinit>' '()V' in 'java/lang/Object'
R11=0x000000000254a138 is pointing into the stack for thread: 0x0000000002722800
R12=0x0000000002719950 is an unknown value
R13=0x0000000002722800 is a thread
R14=0x000000000263efa0 is pointing into the stack for thread: 0x0000000002722800
R15={method} {0x000000001b490cb0} '<clinit>' '()V' in 'java/lang/Object'


Stack: [0x0000000002540000,0x0000000002640000],  sp=0x000000000263ee70,  free space=1019k
Native frames: (J=compiled Java code, j=interpreted, Vv=VM code, C=native code)


---------------  P R O C E S S  ---------------

Java Threads: ( => current thread )
=>0x0000000002722800 JavaThread "Unknown thread" [_thread_in_vm, id=19548, stack(0x0000000002540000,0x0000000002640000)]

Other Threads:
  0x000000001bdf7000 VMThread [stack: 0x000000001cea0000,0x000000001cfa0000] [id=5148]

VM state:not at safepoint (normal execution)

VM Mutex/Monitor currently owned by a thread: None

heap address: 0x00000006c1400000, size: 4076 MB, Compressed Oops mode: Zero based, Oop shift amount: 3
Narrow klass base: 0x0000000000000000, Narrow klass shift: 3
Compressed class space size: 1073741824 Address: 0x00000007c0000000

Heap:
 PSYoungGen      total 76288K, used 1310K [0x000000076b180000, 0x0000000770680000, 0x00000007c0000000)
  eden space 65536K, 2% used [0x000000076b180000,0x000000076b2c7af0,0x000000076f180000)
  from space 10752K, 0% used [0x000000076fc00000,0x000000076fc00000,0x0000000770680000)
  to   space 10752K, 0% used [0x000000076f180000,0x000000076f180000,0x000000076fc00000)
 ParOldGen       total 175104K, used 0K [0x00000006c1400000, 0x00000006cbf00000, 0x000000076b180000)
  object space 175104K, 0% used [0x00000006c1400000,0x00000006c1400000,0x00000006cbf00000)
 Metaspace       used 779K, capacity 4480K, committed 4480K, reserved 1056768K
  class space    used 76K, capacity 384K, committed 384K, reserved 1048576K

Card table byte_map: [0x0000000011be0000,0x00000000123e0000] byte_map_base: 0x000000000e5d6000

Marking Bits: (ParMarkBitMap*) 0x000000005c314ce0
 Begin Bits: [0x0000000012d30000, 0x0000000016ce0000)
 End Bits:   [0x0000000016ce0000, 0x000000001ac90000)

Polling page: 0x0000000000c40000

CodeCache: size=245760Kb used=357Kb max_used=357Kb free=245402Kb
 bounds [0x0000000002820000, 0x0000000002a90000, 0x0000000011820000]
 total_blobs=72 nmethods=0 adapters=48
 compilation: enabled

Compilation events (0 events):
No events

GC Heap History (0 events):
No events

Deoptimization events (0 events):
No events

Classes redefined (0 events):
No events

Internal exceptions (0 events):
No events

Events (10 events):
Event: 0.323 loading class java/lang/Short done
Event: 0.323 loading class java/lang/Integer
Event: 0.328 loading class java/lang/Integer done
Event: 0.328 loading class java/lang/Long
Event: 0.329 loading class java/lang/Long done
Event: 0.432 loading class java/lang/NullPointerException
Event: 0.432 loading class java/lang/NullPointerException done
Event: 0.432 loading class java/lang/ArithmeticException
Event: 0.432 loading class java/lang/ArithmeticException done
Event: 0.435 Thread 0x0000000002722800 Thread added: 0x0000000002722800


Dynamic libraries:
0x00007ff6f5870000 - 0x00007ff6f58a7000 	C:\Program Files\Java\jdk1.8.0_201\bin\java.exe
0x00007fff25960000 - 0x00007fff25b4d000 	C:\Windows\SYSTEM32\ntdll.dll
0x00007fff244b0000 - 0x00007fff24563000 	C:\Windows\System32\KERNEL32.DLL
0x00007fff21fd0000 - 0x00007fff22263000 	C:\Windows\System32\KERNELBASE.dll
0x00007fff245b0000 - 0x00007fff24653000 	C:\Windows\System32\ADVAPI32.dll
0x00007fff24de0000 - 0x00007fff24e7e000 	C:\Windows\System32\msvcrt.dll
0x00007fff24c70000 - 0x00007fff24d0e000 	C:\Windows\System32\sechost.dll
0x00007fff24360000 - 0x00007fff24482000 	C:\Windows\System32\RPCRT4.dll
0x00007fff253c0000 - 0x00007fff25557000 	C:\Windows\System32\USER32.dll
0x00007fff21fb0000 - 0x00007fff21fd0000 	C:\Windows\System32\win32u.dll
0x00007fff24570000 - 0x00007fff24599000 	C:\Windows\System32\GDI32.dll
0x00007fff21d10000 - 0x00007fff21ea9000 	C:\Windows\System32\gdi32full.dll
0x00007fff22a40000 - 0x00007fff22ae0000 	C:\Windows\System32\msvcp_win.dll
0x00007fff21eb0000 - 0x00007fff21faa000 	C:\Windows\System32\ucrtbase.dll
0x00007fff0df20000 - 0x00007fff0e199000 	C:\Windows\WinSxS\amd64_microsoft.windows.common-controls_6595b64144ccf1df_6.0.17763.678_none_05b74150071d72bf\COMCTL32.dll
0x00007fff24fe0000 - 0x00007fff2530c000 	C:\Windows\System32\combase.dll
0x00007fff21c10000 - 0x00007fff21c8e000 	C:\Windows\System32\bcryptPrimitives.dll
0x00007fff22d80000 - 0x00007fff22dae000 	C:\Windows\System32\IMM32.DLL
0x000000005c7f0000 - 0x000000005c8c1000 	C:\Program Files\Java\jdk1.8.0_201\jre\bin\msvcr100.dll
0x000000005baf0000 - 0x000000005c394000 	C:\Program Files\Java\jdk1.8.0_201\jre\bin\server\jvm.dll
0x00007fff245a0000 - 0x00007fff245a8000 	C:\Windows\System32\PSAPI.DLL
0x00007fff0d7d0000 - 0x00007fff0d7d9000 	C:\Windows\SYSTEM32\WSOCK32.dll
0x00007fff24660000 - 0x00007fff246cd000 	C:\Windows\System32\WS2_32.dll
0x00007fff1f5c0000 - 0x00007fff1f5e4000 	C:\Windows\SYSTEM32\WINMM.dll
0x00007fff15930000 - 0x00007fff1593a000 	C:\Windows\SYSTEM32\VERSION.dll
0x00007fff1f4a0000 - 0x00007fff1f4cd000 	C:\Windows\SYSTEM32\WINMMBASE.dll
0x00007fff229c0000 - 0x00007fff22a0a000 	C:\Windows\System32\cfgmgr32.dll
0x00007fff12db0000 - 0x00007fff12dbf000 	C:\Program Files\Java\jdk1.8.0_201\jre\bin\verify.dll
0x00007fff00b70000 - 0x00007fff00b99000 	C:\Program Files\Java\jdk1.8.0_201\jre\bin\java.dll
0x00007fff03c40000 - 0x00007fff03c56000 	C:\Program Files\Java\jdk1.8.0_201\jre\bin\zip.dll
0x00007fff0f6d0000 - 0x00007fff0f8bd000 	C:\Windows\SYSTEM32\dbghelp.dll

VM Arguments:
java_command: C:\react-project\app\backend\node_modules\node-key-sender\jar\key-sender.jar up
java_class_path (initial): C:\react-project\app\backend\node_modules\node-key-sender\jar\key-sender.jar
Launcher Type: SUN_STANDARD

Environment Variables:
JAVA_HOME=C:\Program Files\Java\jdk1.8.0_201
JRE_HOME=C:\Program Files\Java\jre1.8.0_181
PATH=C:\Program Files (x86)\NVIDIA Corporation\PhysX\Common;C:\Windows\system32;C:\Windows;C:\Windows\System32\Wbem;C:\Windows\System32\WindowsPowerShell\v1.0\;C:\Windows\System32\OpenSSH\;C:\Program Files (x86)\Microsoft SQL Server\110\Tools\Binn\;C:\Program Files\Microsoft SQL Server\110\Tools\Binn\;C:\Program Files\Microsoft SQL Server\110\DTS\Binn\;C:\Program Files (x86)\Microsoft SQL Server\110\Tools\Binn\ManagementStudio\;C:\Program Files (x86)\Microsoft SQL Server\110\DTS\Binn\;C:\Program Files\dotnet\;C:\Program Files\Microsoft SQL Server\130\Tools\Binn\;C:\Program Files\Microsoft SQL Server\Client SDK\ODBC\170\Tools\Binn\;C:\Program Files\nodejs\;C:\Program Files\Git\cmd;C:\Users\Zahra Ghaderi\AppData\Local\Microsoft\WindowsApps;D:\Microsoft VS Code\bin;C:\Users\Zahra Ghaderi\AppData\Local\Android\android-sdk;C:\Program Files\Java\jdk1.8.0_201\bin;C:\Users\Zahra Ghaderi\AppData\Local\watchman;C:\Program Files\Java\jre1.8.0_181\bin;C:\Users\Zahra Ghaderi\AppData\Roaming\npm;C:\Users\Zahra Ghaderi\AppData\Local\GitHubDesktop\bin;
USERNAME=Zahra Ghaderi
OS=Windows_NT
PROCESSOR_IDENTIFIER=Intel64 Family 6 Model 61 Stepping 4, GenuineIntel



---------------  S Y S T E M  ---------------

OS: Windows 10.0 , 64 bit Build 17763 (10.0.17763.475)

CPU:total 4 (initial active 4) (2 cores per cpu, 2 threads per core) family 6 model 61 stepping 4, cmov, cx8, fxsr, mmx, sse, sse2, sse3, ssse3, sse4.1, sse4.2, popcnt, avx, avx2, aes, clmul, erms, 3dnowpref, lzcnt, ht, tsc, tscinvbit, bmi1, bmi2, adx

Memory: 4k page, physical 16688992k(2706848k free), swap 48688988k(520564k free)

vm_info: Java HotSpot(TM) 64-Bit Server VM (25.201-b09) for windows-amd64 JRE (1.8.0_201-b09), built on Dec 15 2018 18:36:39 by "java_re" with MS VC++ 10.0 (VS2010)

time: Sun Aug 18 02:53:38 2019
timezone: Pacific Daylight Time
elapsed time: 2 seconds (0d 0h 0m 2s)

